{"contracts/Claim.sol":{"l":{"31":90,"32":90,"36":0,"37":0,"38":0,"42":0,"43":0,"44":0,"46":0,"47":0,"48":0,"49":0,"50":0,"51":0,"53":0,"55":0,"56":0,"57":0,"59":0,"64":0,"66":0,"67":0,"68":0,"69":0,"70":0,"71":0,"72":0,"73":0,"77":0,"78":0,"79":0,"80":0,"82":0,"83":0,"87":0,"88":0,"89":0,"90":0,"94":0,"95":0,"101":0,"102":0},"path":"/home/aaron/github/Rena/contracts/Claim.sol","s":{"1":90,"2":90,"3":0,"4":0,"5":0,"6":0,"7":0,"8":0,"9":0,"10":0,"11":0,"12":0,"13":0,"14":0,"15":0,"16":0,"17":0,"18":0,"19":0,"20":0,"21":0,"22":0,"23":0,"24":0,"25":0,"26":0,"27":0,"28":0,"29":0,"30":0,"31":0,"32":0,"33":0,"34":0,"35":0,"36":0,"37":0,"38":0,"39":0,"40":0,"41":0,"42":0,"43":0},"b":{"1":[0,0],"2":[0,0],"3":[0,0],"4":[0,0],"5":[0,0],"6":[0,0],"7":[0,0],"8":[0,0],"9":[0,0],"10":[0,0]},"f":{"1":90,"2":0,"3":0,"4":0,"5":0,"6":0,"7":0,"8":0},"fnMap":{"1":{"name":"constructor","line":30,"loc":{"start":{"line":30,"column":4},"end":{"line":33,"column":4}}},"2":{"name":"maxClaimable","line":35,"loc":{"start":{"line":35,"column":4},"end":{"line":39,"column":4}}},"3":{"name":"claim","line":41,"loc":{"start":{"line":41,"column":4},"end":{"line":60,"column":4}}},"4":{"name":"sacrificeLP","line":63,"loc":{"start":{"line":63,"column":4},"end":{"line":74,"column":4}}},"5":{"name":"getClaimPrice","line":76,"loc":{"start":{"line":76,"column":4},"end":{"line":84,"column":4}}},"6":{"name":"getLPPrice","line":86,"loc":{"start":{"line":86,"column":4},"end":{"line":91,"column":4}}},"7":{"name":"setClaim","line":93,"loc":{"start":{"line":93,"column":4},"end":{"line":96,"column":4}}},"8":{"name":"setClaimDivisor","line":100,"loc":{"start":{"line":98,"column":4},"end":{"line":103,"column":4}}}},"statementMap":{"1":{"start":{"line":31,"column":8},"end":{"line":31,"column":25}},"2":{"start":{"line":32,"column":8},"end":{"line":32,"column":23}},"3":{"start":{"line":36,"column":8},"end":{"line":36,"column":42}},"4":{"start":{"line":37,"column":8},"end":{"line":37,"column":74}},"5":{"start":{"line":38,"column":8},"end":{"line":38,"column":52}},"6":{"start":{"line":42,"column":8},"end":{"line":42,"column":44}},"7":{"start":{"line":43,"column":8},"end":{"line":43,"column":1536}},"8":{"start":{"line":44,"column":12},"end":{"line":44,"column":56}},"9":{"start":{"line":46,"column":8},"end":{"line":46,"column":89}},"10":{"start":{"line":47,"column":8},"end":{"line":47,"column":68}},"11":{"start":{"line":48,"column":8},"end":{"line":48,"column":54}},"12":{"start":{"line":49,"column":8},"end":{"line":49,"column":68}},"13":{"start":{"line":50,"column":8},"end":{"line":50,"column":1905}},"14":{"start":{"line":51,"column":12},"end":{"line":51,"column":69}},"15":{"start":{"line":53,"column":8},"end":{"line":53,"column":44}},"16":{"start":{"line":55,"column":8},"end":{"line":55,"column":45}},"17":{"start":{"line":56,"column":8},"end":{"line":56,"column":2141}},"18":{"start":{"line":57,"column":12},"end":{"line":57,"column":36}},"19":{"start":{"line":59,"column":8},"end":{"line":59,"column":55}},"20":{"start":{"line":64,"column":8},"end":{"line":64,"column":44}},"21":{"start":{"line":66,"column":8},"end":{"line":66,"column":2506}},"22":{"start":{"line":67,"column":12},"end":{"line":67,"column":56}},"23":{"start":{"line":68,"column":8},"end":{"line":68,"column":89}},"24":{"start":{"line":69,"column":8},"end":{"line":69,"column":51}},"25":{"start":{"line":70,"column":8},"end":{"line":70,"column":68}},"26":{"start":{"line":71,"column":8},"end":{"line":71,"column":89}},"27":{"start":{"line":72,"column":8},"end":{"line":72,"column":44}},"28":{"start":{"line":73,"column":8},"end":{"line":73,"column":61}},"29":{"start":{"line":77,"column":8},"end":{"line":77,"column":38}},"30":{"start":{"line":77,"column":30},"end":{"line":77,"column":38}},"31":{"start":{"line":78,"column":8},"end":{"line":78,"column":37}},"32":{"start":{"line":79,"column":8},"end":{"line":79,"column":65}},"33":{"start":{"line":80,"column":8},"end":{"line":80,"column":68}},"34":{"start":{"line":82,"column":8},"end":{"line":82,"column":62}},"35":{"start":{"line":83,"column":8},"end":{"line":83,"column":64}},"36":{"start":{"line":87,"column":8},"end":{"line":87,"column":68}},"37":{"start":{"line":88,"column":8},"end":{"line":88,"column":63}},"38":{"start":{"line":89,"column":8},"end":{"line":89,"column":58}},"39":{"start":{"line":90,"column":8},"end":{"line":90,"column":64}},"40":{"start":{"line":94,"column":8},"end":{"line":94,"column":78}},"41":{"start":{"line":95,"column":8},"end":{"line":95,"column":55}},"42":{"start":{"line":101,"column":8},"end":{"line":101,"column":47}},"43":{"start":{"line":102,"column":8},"end":{"line":102,"column":29}}},"branchMap":{"1":{"line":43,"type":"if","locations":[{"start":{"line":43,"column":8},"end":{"line":43,"column":8}},{"start":{"line":43,"column":8},"end":{"line":43,"column":8}}]},"2":{"line":46,"type":"if","locations":[{"start":{"line":46,"column":8},"end":{"line":46,"column":8}},{"start":{"line":46,"column":8},"end":{"line":46,"column":8}}]},"3":{"line":49,"type":"if","locations":[{"start":{"line":49,"column":8},"end":{"line":49,"column":8}},{"start":{"line":49,"column":8},"end":{"line":49,"column":8}}]},"4":{"line":50,"type":"if","locations":[{"start":{"line":50,"column":8},"end":{"line":50,"column":8}},{"start":{"line":50,"column":8},"end":{"line":50,"column":8}}]},"5":{"line":56,"type":"if","locations":[{"start":{"line":56,"column":8},"end":{"line":56,"column":8}},{"start":{"line":56,"column":8},"end":{"line":56,"column":8}}]},"6":{"line":66,"type":"if","locations":[{"start":{"line":66,"column":8},"end":{"line":66,"column":8}},{"start":{"line":66,"column":8},"end":{"line":66,"column":8}}]},"7":{"line":68,"type":"if","locations":[{"start":{"line":68,"column":8},"end":{"line":68,"column":8}},{"start":{"line":68,"column":8},"end":{"line":68,"column":8}}]},"8":{"line":77,"type":"if","locations":[{"start":{"line":77,"column":8},"end":{"line":77,"column":8}},{"start":{"line":77,"column":8},"end":{"line":77,"column":8}}]},"9":{"line":94,"type":"if","locations":[{"start":{"line":94,"column":8},"end":{"line":94,"column":8}},{"start":{"line":94,"column":8},"end":{"line":94,"column":8}}]},"10":{"line":101,"type":"if","locations":[{"start":{"line":101,"column":8},"end":{"line":101,"column":8}},{"start":{"line":101,"column":8},"end":{"line":101,"column":8}}]}}},"contracts/dependencies/uniswap-v2-periphery/contracts/dependencies/uniswap-lib/contracts/libraries/AddressStringUtil.sol":{"l":{"7":0,"9":0,"10":0,"11":0,"13":0,"15":0,"17":0,"18":0,"19":0,"21":0,"28":0,"29":0,"31":0},"path":"/home/aaron/github/Rena/contracts/dependencies/uniswap-v2-periphery/contracts/dependencies/uniswap-lib/contracts/libraries/AddressStringUtil.sol","s":{"1":0,"2":0,"3":0,"4":0,"5":0,"6":0,"7":0,"8":0,"9":0,"10":0,"11":0,"12":0,"13":0},"b":{"1":[0,0],"2":[0,0]},"f":{"1":0,"2":0},"fnMap":{"1":{"name":"toAsciiString","line":6,"loc":{"start":{"line":6,"column":4},"end":{"line":22,"column":4}}},"2":{"name":"char","line":27,"loc":{"start":{"line":27,"column":4},"end":{"line":33,"column":4}}}},"statementMap":{"1":{"start":{"line":7,"column":8},"end":{"line":7,"column":86}},"2":{"start":{"line":9,"column":8},"end":{"line":9,"column":39}},"3":{"start":{"line":10,"column":8},"end":{"line":10,"column":39}},"4":{"start":{"line":11,"column":8},"end":{"line":11,"column":488}},"5":{"start":{"line":13,"column":12},"end":{"line":13,"column":54}},"6":{"start":{"line":15,"column":12},"end":{"line":15,"column":29}},"7":{"start":{"line":17,"column":12},"end":{"line":17,"column":36}},"8":{"start":{"line":18,"column":12},"end":{"line":18,"column":30}},"9":{"start":{"line":19,"column":12},"end":{"line":19,"column":34}},"10":{"start":{"line":21,"column":8},"end":{"line":21,"column":24}},"11":{"start":{"line":28,"column":8},"end":{"line":28,"column":1277}},"12":{"start":{"line":29,"column":12},"end":{"line":29,"column":35}},"13":{"start":{"line":31,"column":12},"end":{"line":31,"column":35}}},"branchMap":{"1":{"line":7,"type":"if","locations":[{"start":{"line":7,"column":8},"end":{"line":7,"column":8}},{"start":{"line":7,"column":8},"end":{"line":7,"column":8}}]},"2":{"line":28,"type":"if","locations":[{"start":{"line":28,"column":8},"end":{"line":28,"column":8}},{"start":{"line":28,"column":8},"end":{"line":28,"column":8}}]}}},"contracts/dependencies/uniswap-v2-periphery/contracts/dependencies/uniswap-lib/contracts/libraries/Babylonian.sol":{"l":{"10":0,"13":0,"14":0,"15":0,"16":0,"17":0,"19":0,"20":0,"21":0,"23":0,"24":0,"25":0,"27":0,"28":0,"29":0,"31":0,"32":0,"33":0,"35":0,"36":0,"37":0,"39":0,"40":0,"42":0,"43":0,"44":0,"45":0,"46":0,"47":0,"48":0,"49":0,"50":0},"path":"/home/aaron/github/Rena/contracts/dependencies/uniswap-v2-periphery/contracts/dependencies/uniswap-lib/contracts/libraries/Babylonian.sol","s":{"1":0,"2":0,"3":0,"4":0,"5":0,"6":0,"7":0,"8":0,"9":0,"10":0,"11":0,"12":0,"13":0,"14":0,"15":0,"16":0,"17":0,"18":0,"19":0,"20":0,"21":0,"22":0,"23":0,"24":0,"25":0,"26":0,"27":0,"28":0,"29":0,"30":0,"31":0,"32":0,"33":0},"b":{"1":[0,0],"2":[0,0],"3":[0,0],"4":[0,0],"5":[0,0],"6":[0,0],"7":[0,0],"8":[0,0]},"f":{"1":0},"fnMap":{"1":{"name":"sqrt","line":9,"loc":{"start":{"line":9,"column":4},"end":{"line":51,"column":4}}}},"statementMap":{"1":{"start":{"line":10,"column":8},"end":{"line":10,"column":28}},"2":{"start":{"line":10,"column":20},"end":{"line":10,"column":28}},"3":{"start":{"line":13,"column":8},"end":{"line":13,"column":22}},"4":{"start":{"line":14,"column":8},"end":{"line":14,"column":21}},"5":{"start":{"line":15,"column":8},"end":{"line":15,"column":684}},"6":{"start":{"line":16,"column":12},"end":{"line":16,"column":21}},"7":{"start":{"line":17,"column":12},"end":{"line":17,"column":19}},"8":{"start":{"line":19,"column":8},"end":{"line":19,"column":797}},"9":{"start":{"line":20,"column":12},"end":{"line":20,"column":20}},"10":{"start":{"line":21,"column":12},"end":{"line":21,"column":19}},"11":{"start":{"line":23,"column":8},"end":{"line":23,"column":893}},"12":{"start":{"line":24,"column":12},"end":{"line":24,"column":20}},"13":{"start":{"line":25,"column":12},"end":{"line":25,"column":19}},"14":{"start":{"line":27,"column":8},"end":{"line":27,"column":981}},"15":{"start":{"line":28,"column":12},"end":{"line":28,"column":20}},"16":{"start":{"line":29,"column":12},"end":{"line":29,"column":18}},"17":{"start":{"line":31,"column":8},"end":{"line":31,"column":1064}},"18":{"start":{"line":32,"column":12},"end":{"line":32,"column":19}},"19":{"start":{"line":33,"column":12},"end":{"line":33,"column":18}},"20":{"start":{"line":35,"column":8},"end":{"line":35,"column":1144}},"21":{"start":{"line":36,"column":12},"end":{"line":36,"column":19}},"22":{"start":{"line":37,"column":12},"end":{"line":37,"column":18}},"23":{"start":{"line":39,"column":8},"end":{"line":39,"column":1223}},"24":{"start":{"line":40,"column":12},"end":{"line":40,"column":18}},"25":{"start":{"line":42,"column":8},"end":{"line":42,"column":27}},"26":{"start":{"line":43,"column":8},"end":{"line":43,"column":27}},"27":{"start":{"line":44,"column":8},"end":{"line":44,"column":27}},"28":{"start":{"line":45,"column":8},"end":{"line":45,"column":27}},"29":{"start":{"line":46,"column":8},"end":{"line":46,"column":27}},"30":{"start":{"line":47,"column":8},"end":{"line":47,"column":27}},"31":{"start":{"line":48,"column":8},"end":{"line":48,"column":27}},"32":{"start":{"line":49,"column":8},"end":{"line":49,"column":26}},"33":{"start":{"line":50,"column":8},"end":{"line":50,"column":32}}},"branchMap":{"1":{"line":10,"type":"if","locations":[{"start":{"line":10,"column":8},"end":{"line":10,"column":8}},{"start":{"line":10,"column":8},"end":{"line":10,"column":8}}]},"2":{"line":15,"type":"if","locations":[{"start":{"line":15,"column":8},"end":{"line":15,"column":8}},{"start":{"line":15,"column":8},"end":{"line":15,"column":8}}]},"3":{"line":19,"type":"if","locations":[{"start":{"line":19,"column":8},"end":{"line":19,"column":8}},{"start":{"line":19,"column":8},"end":{"line":19,"column":8}}]},"4":{"line":23,"type":"if","locations":[{"start":{"line":23,"column":8},"end":{"line":23,"column":8}},{"start":{"line":23,"column":8},"end":{"line":23,"column":8}}]},"5":{"line":27,"type":"if","locations":[{"start":{"line":27,"column":8},"end":{"line":27,"column":8}},{"start":{"line":27,"column":8},"end":{"line":27,"column":8}}]},"6":{"line":31,"type":"if","locations":[{"start":{"line":31,"column":8},"end":{"line":31,"column":8}},{"start":{"line":31,"column":8},"end":{"line":31,"column":8}}]},"7":{"line":35,"type":"if","locations":[{"start":{"line":35,"column":8},"end":{"line":35,"column":8}},{"start":{"line":35,"column":8},"end":{"line":35,"column":8}}]},"8":{"line":39,"type":"if","locations":[{"start":{"line":39,"column":8},"end":{"line":39,"column":8}},{"start":{"line":39,"column":8},"end":{"line":39,"column":8}}]}}},"contracts/dependencies/uniswap-v2-periphery/contracts/dependencies/uniswap-lib/contracts/libraries/BitMath.sol":{"l":{"8":0,"10":0,"11":0,"12":0,"14":0,"15":0,"16":0,"18":0,"19":0,"20":0,"22":0,"23":0,"24":0,"26":0,"27":0,"28":0,"30":0,"31":0,"32":0,"34":0,"35":0,"36":0,"38":0,"45":0,"47":0,"48":0,"49":0,"51":0,"53":0,"54":0,"56":0,"58":0,"59":0,"61":0,"63":0,"64":0,"66":0,"68":0,"69":0,"71":0,"73":0,"74":0,"76":0,"78":0,"79":0,"81":0,"83":0},"path":"/home/aaron/github/Rena/contracts/dependencies/uniswap-v2-periphery/contracts/dependencies/uniswap-lib/contracts/libraries/BitMath.sol","s":{"1":0,"2":0,"3":0,"4":0,"5":0,"6":0,"7":0,"8":0,"9":0,"10":0,"11":0,"12":0,"13":0,"14":0,"15":0,"16":0,"17":0,"18":0,"19":0,"20":0,"21":0,"22":0,"23":0,"24":0,"25":0,"26":0,"27":0,"28":0,"29":0,"30":0,"31":0,"32":0,"33":0,"34":0,"35":0,"36":0,"37":0,"38":0,"39":0,"40":0,"41":0,"42":0,"43":0,"44":0,"45":0,"46":0,"47":0,"48":0,"49":0},"b":{"1":[0,0],"2":[0,0],"3":[0,0],"4":[0,0],"5":[0,0],"6":[0,0],"7":[0,0],"8":[0,0],"9":[0,0],"10":[0,0],"11":[0,0],"12":[0,0],"13":[0,0],"14":[0,0],"15":[0,0],"16":[0,0],"17":[0,0],"18":[0,0]},"f":{"1":0,"2":0},"fnMap":{"1":{"name":"mostSignificantBit","line":7,"loc":{"start":{"line":7,"column":4},"end":{"line":39,"column":4}}},"2":{"name":"leastSignificantBit","line":44,"loc":{"start":{"line":44,"column":4},"end":{"line":84,"column":4}}}},"statementMap":{"1":{"start":{"line":8,"column":8},"end":{"line":8,"column":58}},"2":{"start":{"line":10,"column":8},"end":{"line":10,"column":367}},"3":{"start":{"line":11,"column":12},"end":{"line":11,"column":20}},"4":{"start":{"line":12,"column":12},"end":{"line":12,"column":19}},"5":{"start":{"line":14,"column":8},"end":{"line":14,"column":478}},"6":{"start":{"line":15,"column":12},"end":{"line":15,"column":19}},"7":{"start":{"line":16,"column":12},"end":{"line":16,"column":18}},"8":{"start":{"line":18,"column":8},"end":{"line":18,"column":571}},"9":{"start":{"line":19,"column":12},"end":{"line":19,"column":19}},"10":{"start":{"line":20,"column":12},"end":{"line":20,"column":18}},"11":{"start":{"line":22,"column":8},"end":{"line":22,"column":656}},"12":{"start":{"line":23,"column":12},"end":{"line":23,"column":19}},"13":{"start":{"line":24,"column":12},"end":{"line":24,"column":18}},"14":{"start":{"line":26,"column":8},"end":{"line":26,"column":737}},"15":{"start":{"line":27,"column":12},"end":{"line":27,"column":18}},"16":{"start":{"line":28,"column":12},"end":{"line":28,"column":17}},"17":{"start":{"line":30,"column":8},"end":{"line":30,"column":814}},"18":{"start":{"line":31,"column":12},"end":{"line":31,"column":18}},"19":{"start":{"line":32,"column":12},"end":{"line":32,"column":17}},"20":{"start":{"line":34,"column":8},"end":{"line":34,"column":890}},"21":{"start":{"line":35,"column":12},"end":{"line":35,"column":18}},"22":{"start":{"line":36,"column":12},"end":{"line":36,"column":17}},"23":{"start":{"line":38,"column":8},"end":{"line":38,"column":28}},"24":{"start":{"line":38,"column":22},"end":{"line":38,"column":27}},"25":{"start":{"line":45,"column":8},"end":{"line":45,"column":59}},"26":{"start":{"line":47,"column":8},"end":{"line":47,"column":14}},"27":{"start":{"line":48,"column":8},"end":{"line":48,"column":1379}},"28":{"start":{"line":49,"column":12},"end":{"line":49,"column":19}},"29":{"start":{"line":51,"column":12},"end":{"line":51,"column":20}},"30":{"start":{"line":53,"column":8},"end":{"line":53,"column":1486}},"31":{"start":{"line":54,"column":12},"end":{"line":54,"column":18}},"32":{"start":{"line":56,"column":12},"end":{"line":56,"column":19}},"33":{"start":{"line":58,"column":8},"end":{"line":58,"column":1590}},"34":{"start":{"line":59,"column":12},"end":{"line":59,"column":18}},"35":{"start":{"line":61,"column":12},"end":{"line":61,"column":19}},"36":{"start":{"line":63,"column":8},"end":{"line":63,"column":1694}},"37":{"start":{"line":64,"column":12},"end":{"line":64,"column":18}},"38":{"start":{"line":66,"column":12},"end":{"line":66,"column":19}},"39":{"start":{"line":68,"column":8},"end":{"line":68,"column":1798}},"40":{"start":{"line":69,"column":12},"end":{"line":69,"column":17}},"41":{"start":{"line":71,"column":12},"end":{"line":71,"column":18}},"42":{"start":{"line":73,"column":8},"end":{"line":73,"column":1899}},"43":{"start":{"line":74,"column":12},"end":{"line":74,"column":17}},"44":{"start":{"line":76,"column":12},"end":{"line":76,"column":18}},"45":{"start":{"line":78,"column":8},"end":{"line":78,"column":1994}},"46":{"start":{"line":79,"column":12},"end":{"line":79,"column":17}},"47":{"start":{"line":81,"column":12},"end":{"line":81,"column":18}},"48":{"start":{"line":83,"column":8},"end":{"line":83,"column":31}},"49":{"start":{"line":83,"column":25},"end":{"line":83,"column":30}}},"branchMap":{"1":{"line":8,"type":"if","locations":[{"start":{"line":8,"column":8},"end":{"line":8,"column":8}},{"start":{"line":8,"column":8},"end":{"line":8,"column":8}}]},"2":{"line":10,"type":"if","locations":[{"start":{"line":10,"column":8},"end":{"line":10,"column":8}},{"start":{"line":10,"column":8},"end":{"line":10,"column":8}}]},"3":{"line":14,"type":"if","locations":[{"start":{"line":14,"column":8},"end":{"line":14,"column":8}},{"start":{"line":14,"column":8},"end":{"line":14,"column":8}}]},"4":{"line":18,"type":"if","locations":[{"start":{"line":18,"column":8},"end":{"line":18,"column":8}},{"start":{"line":18,"column":8},"end":{"line":18,"column":8}}]},"5":{"line":22,"type":"if","locations":[{"start":{"line":22,"column":8},"end":{"line":22,"column":8}},{"start":{"line":22,"column":8},"end":{"line":22,"column":8}}]},"6":{"line":26,"type":"if","locations":[{"start":{"line":26,"column":8},"end":{"line":26,"column":8}},{"start":{"line":26,"column":8},"end":{"line":26,"column":8}}]},"7":{"line":30,"type":"if","locations":[{"start":{"line":30,"column":8},"end":{"line":30,"column":8}},{"start":{"line":30,"column":8},"end":{"line":30,"column":8}}]},"8":{"line":34,"type":"if","locations":[{"start":{"line":34,"column":8},"end":{"line":34,"column":8}},{"start":{"line":34,"column":8},"end":{"line":34,"column":8}}]},"9":{"line":38,"type":"if","locations":[{"start":{"line":38,"column":8},"end":{"line":38,"column":8}},{"start":{"line":38,"column":8},"end":{"line":38,"column":8}}]},"10":{"line":45,"type":"if","locations":[{"start":{"line":45,"column":8},"end":{"line":45,"column":8}},{"start":{"line":45,"column":8},"end":{"line":45,"column":8}}]},"11":{"line":48,"type":"if","locations":[{"start":{"line":48,"column":8},"end":{"line":48,"column":8}},{"start":{"line":48,"column":8},"end":{"line":48,"column":8}}]},"12":{"line":53,"type":"if","locations":[{"start":{"line":53,"column":8},"end":{"line":53,"column":8}},{"start":{"line":53,"column":8},"end":{"line":53,"column":8}}]},"13":{"line":58,"type":"if","locations":[{"start":{"line":58,"column":8},"end":{"line":58,"column":8}},{"start":{"line":58,"column":8},"end":{"line":58,"column":8}}]},"14":{"line":63,"type":"if","locations":[{"start":{"line":63,"column":8},"end":{"line":63,"column":8}},{"start":{"line":63,"column":8},"end":{"line":63,"column":8}}]},"15":{"line":68,"type":"if","locations":[{"start":{"line":68,"column":8},"end":{"line":68,"column":8}},{"start":{"line":68,"column":8},"end":{"line":68,"column":8}}]},"16":{"line":73,"type":"if","locations":[{"start":{"line":73,"column":8},"end":{"line":73,"column":8}},{"start":{"line":73,"column":8},"end":{"line":73,"column":8}}]},"17":{"line":78,"type":"if","locations":[{"start":{"line":78,"column":8},"end":{"line":78,"column":8}},{"start":{"line":78,"column":8},"end":{"line":78,"column":8}}]},"18":{"line":83,"type":"if","locations":[{"start":{"line":83,"column":8},"end":{"line":83,"column":8}},{"start":{"line":83,"column":8},"end":{"line":83,"column":8}}]}}},"contracts/dependencies/uniswap-v2-periphery/contracts/dependencies/uniswap-lib/contracts/libraries/FixedPoint.sol":{"l":{"29":0,"34":0,"39":0,"44":0,"50":0,"51":0,"52":0,"58":0,"59":0,"60":0,"66":0,"67":0,"69":0,"70":0,"71":0,"72":0,"75":0,"76":0,"77":0,"78":0,"81":0,"84":0,"87":0,"89":0,"94":0,"95":0,"96":0,"98":0,"99":0,"100":0,"101":0,"104":0,"105":0,"106":0,"112":0,"113":0,"115":0,"116":0,"117":0,"118":0,"120":0,"121":0,"122":0,"130":0,"131":0,"132":0,"138":0,"139":0,"142":0,"143":0,"144":0},"path":"/home/aaron/github/Rena/contracts/dependencies/uniswap-v2-periphery/contracts/dependencies/uniswap-lib/contracts/libraries/FixedPoint.sol","s":{"1":0,"2":0,"3":0,"4":0,"5":0,"6":0,"7":0,"8":0,"9":0,"10":0,"11":0,"12":0,"13":0,"14":0,"15":0,"16":0,"17":0,"18":0,"19":0,"20":0,"21":0,"22":0,"23":0,"24":0,"25":0,"26":0,"27":0,"28":0,"29":0,"30":0,"31":0,"32":0,"33":0,"34":0,"35":0,"36":0,"37":0,"38":0,"39":0,"40":0,"41":0,"42":0,"43":0,"44":0,"45":0,"46":0,"47":0,"48":0,"49":0,"50":0,"51":0,"52":0},"b":{"1":[0,0],"2":[0,0],"3":[0,0],"4":[0,0],"5":[0,0],"6":[0,0],"7":[0,0],"8":[0,0],"9":[0,0],"10":[0,0],"11":[0,0],"12":[0,0],"13":[0,0],"14":[0,0],"15":[0,0],"16":[0,0],"17":[0,0],"18":[0,0]},"f":{"1":0,"2":0,"3":0,"4":0,"5":0,"6":0,"7":0,"8":0,"9":0,"10":0,"11":0},"fnMap":{"1":{"name":"encode","line":28,"loc":{"start":{"line":28,"column":4},"end":{"line":30,"column":4}}},"2":{"name":"encode144","line":33,"loc":{"start":{"line":33,"column":4},"end":{"line":35,"column":4}}},"3":{"name":"decode","line":38,"loc":{"start":{"line":38,"column":4},"end":{"line":40,"column":4}}},"4":{"name":"decode144","line":43,"loc":{"start":{"line":43,"column":4},"end":{"line":45,"column":4}}},"5":{"name":"mul","line":49,"loc":{"start":{"line":49,"column":4},"end":{"line":53,"column":4}}},"6":{"name":"muli","line":57,"loc":{"start":{"line":57,"column":4},"end":{"line":61,"column":4}}},"7":{"name":"muluq","line":65,"loc":{"start":{"line":65,"column":4},"end":{"line":90,"column":4}}},"8":{"name":"divuq","line":93,"loc":{"start":{"line":93,"column":4},"end":{"line":107,"column":4}}},"9":{"name":"fraction","line":111,"loc":{"start":{"line":111,"column":4},"end":{"line":124,"column":4}}},"10":{"name":"reciprocal","line":129,"loc":{"start":{"line":129,"column":4},"end":{"line":133,"column":4}}},"11":{"name":"sqrt","line":137,"loc":{"start":{"line":137,"column":4},"end":{"line":145,"column":4}}}},"statementMap":{"1":{"start":{"line":29,"column":8},"end":{"line":29,"column":50}},"2":{"start":{"line":34,"column":8},"end":{"line":34,"column":50}},"3":{"start":{"line":39,"column":8},"end":{"line":39,"column":45}},"4":{"start":{"line":44,"column":8},"end":{"line":44,"column":45}},"5":{"start":{"line":50,"column":8},"end":{"line":50,"column":21}},"6":{"start":{"line":51,"column":8},"end":{"line":51,"column":87}},"7":{"start":{"line":52,"column":8},"end":{"line":52,"column":27}},"8":{"start":{"line":58,"column":8},"end":{"line":58,"column":75}},"9":{"start":{"line":59,"column":8},"end":{"line":59,"column":56}},"10":{"start":{"line":60,"column":8},"end":{"line":60,"column":45}},"11":{"start":{"line":66,"column":8},"end":{"line":66,"column":2486}},"12":{"start":{"line":67,"column":12},"end":{"line":67,"column":31}},"13":{"start":{"line":69,"column":8},"end":{"line":69,"column":59}},"14":{"start":{"line":70,"column":8},"end":{"line":70,"column":58}},"15":{"start":{"line":71,"column":8},"end":{"line":71,"column":61}},"16":{"start":{"line":72,"column":8},"end":{"line":72,"column":60}},"17":{"start":{"line":75,"column":8},"end":{"line":75,"column":57}},"18":{"start":{"line":76,"column":8},"end":{"line":76,"column":57}},"19":{"start":{"line":77,"column":8},"end":{"line":77,"column":65}},"20":{"start":{"line":78,"column":8},"end":{"line":78,"column":65}},"21":{"start":{"line":81,"column":8},"end":{"line":81,"column":73}},"22":{"start":{"line":84,"column":8},"end":{"line":84,"column":106}},"23":{"start":{"line":87,"column":8},"end":{"line":87,"column":69}},"24":{"start":{"line":89,"column":8},"end":{"line":89,"column":38}},"25":{"start":{"line":94,"column":8},"end":{"line":94,"column":67}},"26":{"start":{"line":95,"column":8},"end":{"line":95,"column":3889}},"27":{"start":{"line":96,"column":12},"end":{"line":96,"column":43}},"28":{"start":{"line":98,"column":8},"end":{"line":98,"column":3979}},"29":{"start":{"line":99,"column":12},"end":{"line":99,"column":71}},"30":{"start":{"line":100,"column":12},"end":{"line":100,"column":71}},"31":{"start":{"line":101,"column":12},"end":{"line":101,"column":44}},"32":{"start":{"line":104,"column":8},"end":{"line":104,"column":65}},"33":{"start":{"line":105,"column":8},"end":{"line":105,"column":68}},"34":{"start":{"line":106,"column":8},"end":{"line":106,"column":41}},"35":{"start":{"line":112,"column":8},"end":{"line":112,"column":73}},"36":{"start":{"line":113,"column":8},"end":{"line":113,"column":58}},"37":{"start":{"line":113,"column":28},"end":{"line":113,"column":58}},"38":{"start":{"line":115,"column":8},"end":{"line":115,"column":4814}},"39":{"start":{"line":116,"column":12},"end":{"line":116,"column":68}},"40":{"start":{"line":117,"column":12},"end":{"line":117,"column":75}},"41":{"start":{"line":118,"column":12},"end":{"line":118,"column":45}},"42":{"start":{"line":120,"column":12},"end":{"line":120,"column":74}},"43":{"start":{"line":121,"column":12},"end":{"line":121,"column":75}},"44":{"start":{"line":122,"column":12},"end":{"line":122,"column":45}},"45":{"start":{"line":130,"column":8},"end":{"line":130,"column":74}},"46":{"start":{"line":131,"column":8},"end":{"line":131,"column":64}},"47":{"start":{"line":132,"column":8},"end":{"line":132,"column":49}},"48":{"start":{"line":138,"column":8},"end":{"line":138,"column":5813}},"49":{"start":{"line":139,"column":12},"end":{"line":139,"column":79}},"50":{"start":{"line":142,"column":8},"end":{"line":142,"column":71}},"51":{"start":{"line":143,"column":8},"end":{"line":143,"column":41}},"52":{"start":{"line":144,"column":8},"end":{"line":144,"column":116}}},"branchMap":{"1":{"line":51,"type":"if","locations":[{"start":{"line":51,"column":8},"end":{"line":51,"column":8}},{"start":{"line":51,"column":8},"end":{"line":51,"column":8}}]},"2":{"line":59,"type":"if","locations":[{"start":{"line":59,"column":8},"end":{"line":59,"column":8}},{"start":{"line":59,"column":8},"end":{"line":59,"column":8}}]},"3":{"line":66,"type":"if","locations":[{"start":{"line":66,"column":8},"end":{"line":66,"column":8}},{"start":{"line":66,"column":8},"end":{"line":66,"column":8}}]},"4":{"line":81,"type":"if","locations":[{"start":{"line":81,"column":8},"end":{"line":81,"column":8}},{"start":{"line":81,"column":8},"end":{"line":81,"column":8}}]},"5":{"line":87,"type":"if","locations":[{"start":{"line":87,"column":8},"end":{"line":87,"column":8}},{"start":{"line":87,"column":8},"end":{"line":87,"column":8}}]},"6":{"line":94,"type":"if","locations":[{"start":{"line":94,"column":8},"end":{"line":94,"column":8}},{"start":{"line":94,"column":8},"end":{"line":94,"column":8}}]},"7":{"line":95,"type":"if","locations":[{"start":{"line":95,"column":8},"end":{"line":95,"column":8}},{"start":{"line":95,"column":8},"end":{"line":95,"column":8}}]},"8":{"line":98,"type":"if","locations":[{"start":{"line":98,"column":8},"end":{"line":98,"column":8}},{"start":{"line":98,"column":8},"end":{"line":98,"column":8}}]},"9":{"line":100,"type":"if","locations":[{"start":{"line":100,"column":12},"end":{"line":100,"column":12}},{"start":{"line":100,"column":12},"end":{"line":100,"column":12}}]},"10":{"line":105,"type":"if","locations":[{"start":{"line":105,"column":8},"end":{"line":105,"column":8}},{"start":{"line":105,"column":8},"end":{"line":105,"column":8}}]},"11":{"line":112,"type":"if","locations":[{"start":{"line":112,"column":8},"end":{"line":112,"column":8}},{"start":{"line":112,"column":8},"end":{"line":112,"column":8}}]},"12":{"line":113,"type":"if","locations":[{"start":{"line":113,"column":8},"end":{"line":113,"column":8}},{"start":{"line":113,"column":8},"end":{"line":113,"column":8}}]},"13":{"line":115,"type":"if","locations":[{"start":{"line":115,"column":8},"end":{"line":115,"column":8}},{"start":{"line":115,"column":8},"end":{"line":115,"column":8}}]},"14":{"line":117,"type":"if","locations":[{"start":{"line":117,"column":12},"end":{"line":117,"column":12}},{"start":{"line":117,"column":12},"end":{"line":117,"column":12}}]},"15":{"line":121,"type":"if","locations":[{"start":{"line":121,"column":12},"end":{"line":121,"column":12}},{"start":{"line":121,"column":12},"end":{"line":121,"column":12}}]},"16":{"line":130,"type":"if","locations":[{"start":{"line":130,"column":8},"end":{"line":130,"column":8}},{"start":{"line":130,"column":8},"end":{"line":130,"column":8}}]},"17":{"line":131,"type":"if","locations":[{"start":{"line":131,"column":8},"end":{"line":131,"column":8}},{"start":{"line":131,"column":8},"end":{"line":131,"column":8}}]},"18":{"line":138,"type":"if","locations":[{"start":{"line":138,"column":8},"end":{"line":138,"column":8}},{"start":{"line":138,"column":8},"end":{"line":138,"column":8}}]}}},"contracts/dependencies/uniswap-v2-periphery/contracts/dependencies/uniswap-lib/contracts/libraries/FullMath.sol":{"l":{"8":0,"9":0,"10":0,"11":0,"19":0,"20":0,"21":0,"22":0,"23":0,"24":0,"25":0,"26":0,"27":0,"28":0,"29":0,"30":0,"31":0,"32":0,"40":0,"41":0,"42":0,"43":0,"44":0,"45":0},"path":"/home/aaron/github/Rena/contracts/dependencies/uniswap-v2-periphery/contracts/dependencies/uniswap-lib/contracts/libraries/FullMath.sol","s":{"1":0,"2":0,"3":0,"4":0,"5":0,"6":0,"7":0,"8":0,"9":0,"10":0,"11":0,"12":0,"13":0,"14":0,"15":0,"16":0,"17":0,"18":0,"19":0,"20":0,"21":0,"22":0,"23":0,"24":0,"25":0,"26":0},"b":{"1":[0,0],"2":[0,0],"3":[0,0]},"f":{"1":0,"2":0,"3":0},"fnMap":{"1":{"name":"fullMul","line":7,"loc":{"start":{"line":7,"column":4},"end":{"line":12,"column":4}}},"2":{"name":"fullDiv","line":14,"loc":{"start":{"line":14,"column":4},"end":{"line":33,"column":4}}},"3":{"name":"mulDiv","line":35,"loc":{"start":{"line":35,"column":4},"end":{"line":46,"column":4}}}},"statementMap":{"1":{"start":{"line":8,"column":8},"end":{"line":8,"column":46}},"2":{"start":{"line":9,"column":8},"end":{"line":9,"column":16}},"3":{"start":{"line":10,"column":8},"end":{"line":10,"column":17}},"4":{"start":{"line":11,"column":8},"end":{"line":11,"column":26}},"5":{"start":{"line":11,"column":20},"end":{"line":11,"column":25}},"6":{"start":{"line":19,"column":8},"end":{"line":19,"column":29}},"7":{"start":{"line":20,"column":8},"end":{"line":20,"column":16}},"8":{"start":{"line":21,"column":8},"end":{"line":21,"column":16}},"9":{"start":{"line":22,"column":8},"end":{"line":22,"column":36}},"10":{"start":{"line":23,"column":8},"end":{"line":23,"column":21}},"11":{"start":{"line":24,"column":8},"end":{"line":24,"column":21}},"12":{"start":{"line":25,"column":8},"end":{"line":25,"column":21}},"13":{"start":{"line":26,"column":8},"end":{"line":26,"column":21}},"14":{"start":{"line":27,"column":8},"end":{"line":27,"column":21}},"15":{"start":{"line":28,"column":8},"end":{"line":28,"column":21}},"16":{"start":{"line":29,"column":8},"end":{"line":29,"column":21}},"17":{"start":{"line":30,"column":8},"end":{"line":30,"column":21}},"18":{"start":{"line":31,"column":8},"end":{"line":31,"column":21}},"19":{"start":{"line":32,"column":8},"end":{"line":32,"column":20}},"20":{"start":{"line":40,"column":8},"end":{"line":40,"column":46}},"21":{"start":{"line":41,"column":8},"end":{"line":41,"column":36}},"22":{"start":{"line":42,"column":8},"end":{"line":42,"column":26}},"23":{"start":{"line":42,"column":20},"end":{"line":42,"column":25}},"24":{"start":{"line":43,"column":8},"end":{"line":43,"column":14}},"25":{"start":{"line":44,"column":8},"end":{"line":44,"column":51}},"26":{"start":{"line":45,"column":8},"end":{"line":45,"column":31}}},"branchMap":{"1":{"line":11,"type":"if","locations":[{"start":{"line":11,"column":8},"end":{"line":11,"column":8}},{"start":{"line":11,"column":8},"end":{"line":11,"column":8}}]},"2":{"line":42,"type":"if","locations":[{"start":{"line":42,"column":8},"end":{"line":42,"column":8}},{"start":{"line":42,"column":8},"end":{"line":42,"column":8}}]},"3":{"line":44,"type":"if","locations":[{"start":{"line":44,"column":8},"end":{"line":44,"column":8}},{"start":{"line":44,"column":8},"end":{"line":44,"column":8}}]}}},"contracts/dependencies/uniswap-v2-periphery/contracts/dependencies/uniswap-lib/contracts/libraries/SafeERC20Namer.sol":{"l":{"10":0,"11":0,"12":0,"13":0,"14":0,"15":0,"16":0,"19":0,"20":0,"21":0,"23":0,"28":0,"30":0,"31":0,"32":0,"35":0,"36":0,"37":0,"40":0,"46":0,"52":0,"57":0,"59":0,"60":0,"63":0,"64":0,"65":0,"67":0,"69":0,"75":0,"76":0,"78":0,"80":0,"86":0,"87":0,"89":0,"91":0},"path":"/home/aaron/github/Rena/contracts/dependencies/uniswap-v2-periphery/contracts/dependencies/uniswap-lib/contracts/libraries/SafeERC20Namer.sol","s":{"1":0,"2":0,"3":0,"4":0,"5":0,"6":0,"7":0,"8":0,"9":0,"10":0,"11":0,"12":0,"13":0,"14":0,"15":0,"16":0,"17":0,"18":0,"19":0,"20":0,"21":0,"22":0,"23":0,"24":0,"25":0,"26":0,"27":0,"28":0,"29":0,"30":0,"31":0,"32":0,"33":0,"34":0,"35":0,"36":0,"37":0},"b":{"1":[0,0],"2":[0,0],"3":[0,0],"4":[0,0],"5":[0,0],"6":[0,0]},"f":{"1":0,"2":0,"3":0,"4":0,"5":0,"6":0,"7":0},"fnMap":{"1":{"name":"bytes32ToString","line":9,"loc":{"start":{"line":9,"column":4},"end":{"line":24,"column":4}}},"2":{"name":"parseStringData","line":27,"loc":{"start":{"line":27,"column":4},"end":{"line":41,"column":4}}},"3":{"name":"addressToName","line":45,"loc":{"start":{"line":45,"column":4},"end":{"line":47,"column":4}}},"4":{"name":"addressToSymbol","line":51,"loc":{"start":{"line":51,"column":4},"end":{"line":53,"column":4}}},"5":{"name":"callAndParseStringReturn","line":56,"loc":{"start":{"line":56,"column":4},"end":{"line":70,"column":4}}},"6":{"name":"tokenSymbol","line":73,"loc":{"start":{"line":73,"column":4},"end":{"line":81,"column":4}}},"7":{"name":"tokenName","line":84,"loc":{"start":{"line":84,"column":4},"end":{"line":92,"column":4}}}},"statementMap":{"1":{"start":{"line":10,"column":8},"end":{"line":10,"column":48}},"2":{"start":{"line":11,"column":8},"end":{"line":11,"column":29}},"3":{"start":{"line":12,"column":8},"end":{"line":12,"column":502}},"4":{"start":{"line":13,"column":12},"end":{"line":13,"column":30}},"5":{"start":{"line":14,"column":12},"end":{"line":14,"column":585}},"6":{"start":{"line":15,"column":16},"end":{"line":15,"column":44}},"7":{"start":{"line":19,"column":8},"end":{"line":19,"column":62}},"8":{"start":{"line":20,"column":8},"end":{"line":20,"column":770}},"9":{"start":{"line":21,"column":12},"end":{"line":21,"column":49}},"10":{"start":{"line":23,"column":8},"end":{"line":23,"column":41}},"11":{"start":{"line":28,"column":8},"end":{"line":28,"column":29}},"12":{"start":{"line":30,"column":8},"end":{"line":30,"column":1141}},"13":{"start":{"line":31,"column":12},"end":{"line":31,"column":26}},"14":{"start":{"line":32,"column":12},"end":{"line":32,"column":35}},"15":{"start":{"line":35,"column":8},"end":{"line":35,"column":62}},"16":{"start":{"line":36,"column":8},"end":{"line":36,"column":1327}},"17":{"start":{"line":37,"column":12},"end":{"line":37,"column":44}},"18":{"start":{"line":40,"column":8},"end":{"line":40,"column":41}},"19":{"start":{"line":46,"column":8},"end":{"line":46,"column":57}},"20":{"start":{"line":52,"column":8},"end":{"line":52,"column":56}},"21":{"start":{"line":57,"column":8},"end":{"line":57,"column":94}},"22":{"start":{"line":59,"column":8},"end":{"line":59,"column":2469}},"23":{"start":{"line":60,"column":12},"end":{"line":60,"column":21}},"24":{"start":{"line":63,"column":8},"end":{"line":63,"column":2591}},"25":{"start":{"line":64,"column":12},"end":{"line":64,"column":57}},"26":{"start":{"line":65,"column":12},"end":{"line":65,"column":43}},"27":{"start":{"line":66,"column":15},"end":{"line":66,"column":2735}},"28":{"start":{"line":67,"column":12},"end":{"line":67,"column":45}},"29":{"start":{"line":69,"column":8},"end":{"line":69,"column":17}},"30":{"start":{"line":75,"column":8},"end":{"line":75,"column":74}},"31":{"start":{"line":76,"column":8},"end":{"line":76,"column":3180}},"32":{"start":{"line":78,"column":12},"end":{"line":78,"column":41}},"33":{"start":{"line":80,"column":8},"end":{"line":80,"column":21}},"34":{"start":{"line":86,"column":8},"end":{"line":86,"column":72}},"35":{"start":{"line":87,"column":8},"end":{"line":87,"column":3676}},"36":{"start":{"line":89,"column":12},"end":{"line":89,"column":39}},"37":{"start":{"line":91,"column":8},"end":{"line":91,"column":19}}},"branchMap":{"1":{"line":14,"type":"if","locations":[{"start":{"line":14,"column":12},"end":{"line":14,"column":12}},{"start":{"line":14,"column":12},"end":{"line":14,"column":12}}]},"2":{"line":59,"type":"if","locations":[{"start":{"line":59,"column":8},"end":{"line":59,"column":8}},{"start":{"line":59,"column":8},"end":{"line":59,"column":8}}]},"3":{"line":63,"type":"if","locations":[{"start":{"line":63,"column":8},"end":{"line":63,"column":8}},{"start":{"line":63,"column":8},"end":{"line":63,"column":8}}]},"4":{"line":66,"type":"if","locations":[{"start":{"line":66,"column":15},"end":{"line":66,"column":15}},{"start":{"line":66,"column":15},"end":{"line":66,"column":15}}]},"5":{"line":76,"type":"if","locations":[{"start":{"line":76,"column":8},"end":{"line":76,"column":8}},{"start":{"line":76,"column":8},"end":{"line":76,"column":8}}]},"6":{"line":87,"type":"if","locations":[{"start":{"line":87,"column":8},"end":{"line":87,"column":8}},{"start":{"line":87,"column":8},"end":{"line":87,"column":8}}]}}},"contracts/dependencies/uniswap-v2-periphery/contracts/dependencies/uniswap-lib/contracts/libraries/TransferHelper.sol":{"l":{"12":0,"13":0,"25":0,"26":0,"39":0,"40":0,"47":0,"48":0},"path":"/home/aaron/github/Rena/contracts/dependencies/uniswap-v2-periphery/contracts/dependencies/uniswap-lib/contracts/libraries/TransferHelper.sol","s":{"1":0,"2":0,"3":0,"4":0,"5":0,"6":0,"7":0,"8":0},"b":{"1":[0,0],"2":[0,0],"3":[0,0],"4":[0,0]},"f":{"1":0,"2":0,"3":0,"4":0},"fnMap":{"1":{"name":"safeApprove","line":6,"loc":{"start":{"line":6,"column":4},"end":{"line":17,"column":4}}},"2":{"name":"safeTransfer","line":19,"loc":{"start":{"line":19,"column":4},"end":{"line":30,"column":4}}},"3":{"name":"safeTransferFrom","line":32,"loc":{"start":{"line":32,"column":4},"end":{"line":44,"column":4}}},"4":{"name":"safeTransferETH","line":46,"loc":{"start":{"line":46,"column":4},"end":{"line":49,"column":4}}}},"statementMap":{"1":{"start":{"line":12,"column":8},"end":{"line":12,"column":101}},"2":{"start":{"line":13,"column":8},"end":{"line":13,"column":498}},"3":{"start":{"line":25,"column":8},"end":{"line":25,"column":101}},"4":{"start":{"line":26,"column":8},"end":{"line":26,"column":940}},"5":{"start":{"line":39,"column":8},"end":{"line":39,"column":107}},"6":{"start":{"line":40,"column":8},"end":{"line":40,"column":1428}},"7":{"start":{"line":47,"column":8},"end":{"line":47,"column":62}},"8":{"start":{"line":48,"column":8},"end":{"line":48,"column":79}}},"branchMap":{"1":{"line":13,"type":"if","locations":[{"start":{"line":13,"column":8},"end":{"line":13,"column":8}},{"start":{"line":13,"column":8},"end":{"line":13,"column":8}}]},"2":{"line":26,"type":"if","locations":[{"start":{"line":26,"column":8},"end":{"line":26,"column":8}},{"start":{"line":26,"column":8},"end":{"line":26,"column":8}}]},"3":{"line":40,"type":"if","locations":[{"start":{"line":40,"column":8},"end":{"line":40,"column":8}},{"start":{"line":40,"column":8},"end":{"line":40,"column":8}}]},"4":{"line":48,"type":"if","locations":[{"start":{"line":48,"column":8},"end":{"line":48,"column":8}},{"start":{"line":48,"column":8},"end":{"line":48,"column":8}}]}}},"contracts/dependencies/uniswap-v2-periphery/contracts/dependencies/uniswap-lib/contracts/test/AddressStringUtilTest.sol":{"l":{"8":0},"path":"/home/aaron/github/Rena/contracts/dependencies/uniswap-v2-periphery/contracts/dependencies/uniswap-lib/contracts/test/AddressStringUtilTest.sol","s":{"1":0},"b":{},"f":{"1":0},"fnMap":{"1":{"name":"toAsciiString","line":7,"loc":{"start":{"line":7,"column":4},"end":{"line":9,"column":4}}}},"statementMap":{"1":{"start":{"line":8,"column":8},"end":{"line":8,"column":57}}},"branchMap":{}},"contracts/dependencies/uniswap-v2-periphery/contracts/dependencies/uniswap-lib/contracts/test/BabylonianEchidnaTest.sol":{"l":{"8":0,"10":0,"12":0,"13":0,"17":0},"path":"/home/aaron/github/Rena/contracts/dependencies/uniswap-v2-periphery/contracts/dependencies/uniswap-lib/contracts/test/BabylonianEchidnaTest.sol","s":{"1":0,"2":0,"3":0,"4":0,"5":0},"b":{},"f":{"1":0,"2":0},"fnMap":{"1":{"name":"checkSqrt","line":7,"loc":{"start":{"line":7,"column":4},"end":{"line":14,"column":4}}},"2":{"name":"checkMaxForIndex","line":16,"loc":{"start":{"line":16,"column":4},"end":{"line":18,"column":4}}}},"statementMap":{"1":{"start":{"line":8,"column":8},"end":{"line":8,"column":45}},"2":{"start":{"line":10,"column":8},"end":{"line":10,"column":28}},"3":{"start":{"line":12,"column":8},"end":{"line":12,"column":31}},"4":{"start":{"line":13,"column":8},"end":{"line":13,"column":59}},"5":{"start":{"line":17,"column":8},"end":{"line":17,"column":70}}},"branchMap":{}},"contracts/dependencies/uniswap-v2-periphery/contracts/dependencies/uniswap-lib/contracts/test/BabylonianTest.sol":{"l":{"8":0,"12":0,"13":0,"14":0},"path":"/home/aaron/github/Rena/contracts/dependencies/uniswap-v2-periphery/contracts/dependencies/uniswap-lib/contracts/test/BabylonianTest.sol","s":{"1":0,"2":0,"3":0,"4":0},"b":{},"f":{"1":0,"2":0},"fnMap":{"1":{"name":"sqrt","line":7,"loc":{"start":{"line":7,"column":4},"end":{"line":9,"column":4}}},"2":{"name":"getGasCostOfSqrt","line":11,"loc":{"start":{"line":11,"column":4},"end":{"line":15,"column":4}}}},"statementMap":{"1":{"start":{"line":8,"column":8},"end":{"line":8,"column":35}},"2":{"start":{"line":12,"column":8},"end":{"line":12,"column":37}},"3":{"start":{"line":13,"column":8},"end":{"line":13,"column":27}},"4":{"start":{"line":14,"column":8},"end":{"line":14,"column":36}}},"branchMap":{}},"contracts/dependencies/uniswap-v2-periphery/contracts/dependencies/uniswap-lib/contracts/test/BitMathEchidnaTest.sol":{"l":{"8":0,"9":0,"10":0,"14":0,"15":0,"16":0},"path":"/home/aaron/github/Rena/contracts/dependencies/uniswap-v2-periphery/contracts/dependencies/uniswap-lib/contracts/test/BitMathEchidnaTest.sol","s":{"1":0,"2":0,"3":0,"4":0,"5":0,"6":0},"b":{},"f":{"1":0,"2":0},"fnMap":{"1":{"name":"mostSignificantBitInvariant","line":7,"loc":{"start":{"line":7,"column":4},"end":{"line":11,"column":4}}},"2":{"name":"leastSignificantBitInvariant","line":13,"loc":{"start":{"line":13,"column":4},"end":{"line":17,"column":4}}}},"statementMap":{"1":{"start":{"line":8,"column":8},"end":{"line":8,"column":53}},"2":{"start":{"line":9,"column":8},"end":{"line":9,"column":41}},"3":{"start":{"line":10,"column":8},"end":{"line":10,"column":58}},"4":{"start":{"line":14,"column":8},"end":{"line":14,"column":54}},"5":{"start":{"line":15,"column":8},"end":{"line":15,"column":45}},"6":{"start":{"line":16,"column":8},"end":{"line":16,"column":49}}},"branchMap":{}},"contracts/dependencies/uniswap-v2-periphery/contracts/dependencies/uniswap-lib/contracts/test/BitMathTest.sol":{"l":{"8":0,"12":0,"13":0,"14":0,"18":0,"22":0,"23":0,"24":0},"path":"/home/aaron/github/Rena/contracts/dependencies/uniswap-v2-periphery/contracts/dependencies/uniswap-lib/contracts/test/BitMathTest.sol","s":{"1":0,"2":0,"3":0,"4":0,"5":0,"6":0,"7":0,"8":0},"b":{},"f":{"1":0,"2":0,"3":0,"4":0},"fnMap":{"1":{"name":"mostSignificantBit","line":7,"loc":{"start":{"line":7,"column":4},"end":{"line":9,"column":4}}},"2":{"name":"getGasCostOfMostSignificantBit","line":11,"loc":{"start":{"line":11,"column":4},"end":{"line":15,"column":4}}},"3":{"name":"leastSignificantBit","line":17,"loc":{"start":{"line":17,"column":4},"end":{"line":19,"column":4}}},"4":{"name":"getGasCostOfLeastSignificantBit","line":21,"loc":{"start":{"line":21,"column":4},"end":{"line":25,"column":4}}}},"statementMap":{"1":{"start":{"line":8,"column":8},"end":{"line":8,"column":44}},"2":{"start":{"line":12,"column":8},"end":{"line":12,"column":37}},"3":{"start":{"line":13,"column":8},"end":{"line":13,"column":36}},"4":{"start":{"line":14,"column":8},"end":{"line":14,"column":36}},"5":{"start":{"line":18,"column":8},"end":{"line":18,"column":45}},"6":{"start":{"line":22,"column":8},"end":{"line":22,"column":37}},"7":{"start":{"line":23,"column":8},"end":{"line":23,"column":37}},"8":{"start":{"line":24,"column":8},"end":{"line":24,"column":36}}},"branchMap":{}},"contracts/dependencies/uniswap-v2-periphery/contracts/dependencies/uniswap-lib/contracts/test/FixedPointTest.sol":{"l":{"9":0,"13":0,"17":0,"21":0,"25":0,"29":0,"37":0,"45":0,"46":0,"47":0,"55":0,"63":0,"64":0,"65":0,"69":0,"73":0,"74":0,"75":0,"79":0,"83":0,"87":0,"88":0,"89":0},"path":"/home/aaron/github/Rena/contracts/dependencies/uniswap-v2-periphery/contracts/dependencies/uniswap-lib/contracts/test/FixedPointTest.sol","s":{"1":0,"2":0,"3":0,"4":0,"5":0,"6":0,"7":0,"8":0,"9":0,"10":0,"11":0,"12":0,"13":0,"14":0,"15":0,"16":0,"17":0,"18":0,"19":0,"20":0,"21":0,"22":0,"23":0},"b":{},"f":{"1":0,"2":0,"3":0,"4":0,"5":0,"6":0,"7":0,"8":0,"9":0,"10":0,"11":0,"12":0,"13":0,"14":0,"15":0},"fnMap":{"1":{"name":"encode","line":8,"loc":{"start":{"line":8,"column":4},"end":{"line":10,"column":4}}},"2":{"name":"encode144","line":12,"loc":{"start":{"line":12,"column":4},"end":{"line":14,"column":4}}},"3":{"name":"decode","line":16,"loc":{"start":{"line":16,"column":4},"end":{"line":18,"column":4}}},"4":{"name":"decode144","line":20,"loc":{"start":{"line":20,"column":4},"end":{"line":22,"column":4}}},"5":{"name":"mul","line":24,"loc":{"start":{"line":24,"column":4},"end":{"line":26,"column":4}}},"6":{"name":"muli","line":28,"loc":{"start":{"line":28,"column":4},"end":{"line":30,"column":4}}},"7":{"name":"muluq","line":32,"loc":{"start":{"line":32,"column":4},"end":{"line":38,"column":4}}},"8":{"name":"getGasCostOfMuluq","line":40,"loc":{"start":{"line":40,"column":4},"end":{"line":48,"column":4}}},"9":{"name":"divuq","line":50,"loc":{"start":{"line":50,"column":4},"end":{"line":56,"column":4}}},"10":{"name":"getGasCostOfDivuq","line":58,"loc":{"start":{"line":58,"column":4},"end":{"line":66,"column":4}}},"11":{"name":"fraction","line":68,"loc":{"start":{"line":68,"column":4},"end":{"line":70,"column":4}}},"12":{"name":"getGasCostOfFraction","line":72,"loc":{"start":{"line":72,"column":4},"end":{"line":76,"column":4}}},"13":{"name":"reciprocal","line":78,"loc":{"start":{"line":78,"column":4},"end":{"line":80,"column":4}}},"14":{"name":"sqrt","line":82,"loc":{"start":{"line":82,"column":4},"end":{"line":84,"column":4}}},"15":{"name":"getGasCostOfSqrt","line":86,"loc":{"start":{"line":86,"column":4},"end":{"line":90,"column":4}}}},"statementMap":{"1":{"start":{"line":9,"column":8},"end":{"line":9,"column":35}},"2":{"start":{"line":13,"column":8},"end":{"line":13,"column":38}},"3":{"start":{"line":17,"column":8},"end":{"line":17,"column":38}},"4":{"start":{"line":21,"column":8},"end":{"line":21,"column":41}},"5":{"start":{"line":25,"column":8},"end":{"line":25,"column":38}},"6":{"start":{"line":29,"column":8},"end":{"line":29,"column":39}},"7":{"start":{"line":37,"column":8},"end":{"line":37,"column":44}},"8":{"start":{"line":45,"column":8},"end":{"line":45,"column":37}},"9":{"start":{"line":46,"column":8},"end":{"line":46,"column":36}},"10":{"start":{"line":47,"column":8},"end":{"line":47,"column":36}},"11":{"start":{"line":55,"column":8},"end":{"line":55,"column":44}},"12":{"start":{"line":63,"column":8},"end":{"line":63,"column":37}},"13":{"start":{"line":64,"column":8},"end":{"line":64,"column":36}},"14":{"start":{"line":65,"column":8},"end":{"line":65,"column":36}},"15":{"start":{"line":69,"column":8},"end":{"line":69,"column":58}},"16":{"start":{"line":73,"column":8},"end":{"line":73,"column":37}},"17":{"start":{"line":74,"column":8},"end":{"line":74,"column":50}},"18":{"start":{"line":75,"column":8},"end":{"line":75,"column":36}},"19":{"start":{"line":79,"column":8},"end":{"line":79,"column":42}},"20":{"start":{"line":83,"column":8},"end":{"line":83,"column":36}},"21":{"start":{"line":87,"column":8},"end":{"line":87,"column":37}},"22":{"start":{"line":88,"column":8},"end":{"line":88,"column":28}},"23":{"start":{"line":89,"column":8},"end":{"line":89,"column":36}}},"branchMap":{}},"contracts/dependencies/uniswap-v2-periphery/contracts/dependencies/uniswap-lib/contracts/test/FullMathTest.sol":{"l":{"12":0,"20":0,"21":0},"path":"/home/aaron/github/Rena/contracts/dependencies/uniswap-v2-periphery/contracts/dependencies/uniswap-lib/contracts/test/FullMathTest.sol","s":{"1":0,"2":0,"3":0},"b":{},"f":{"1":0,"2":0},"fnMap":{"1":{"name":"mulDiv","line":7,"loc":{"start":{"line":7,"column":4},"end":{"line":13,"column":4}}},"2":{"name":"mulDivRoundingUp","line":15,"loc":{"start":{"line":15,"column":4},"end":{"line":22,"column":4}}}},"statementMap":{"1":{"start":{"line":12,"column":8},"end":{"line":12,"column":39}},"2":{"start":{"line":20,"column":8},"end":{"line":20,"column":42}},"3":{"start":{"line":21,"column":8},"end":{"line":21,"column":59}}},"branchMap":{}},"contracts/dependencies/uniswap-v2-periphery/contracts/dependencies/uniswap-lib/contracts/test/SafeERC20NamerTest.sol":{"l":{"9":0,"13":0,"28":0,"29":0,"39":0,"40":0},"path":"/home/aaron/github/Rena/contracts/dependencies/uniswap-v2-periphery/contracts/dependencies/uniswap-lib/contracts/test/SafeERC20NamerTest.sol","s":{"1":0,"2":0,"3":0,"4":0,"5":0,"6":0},"b":{},"f":{"1":0,"2":0,"3":0,"4":0},"fnMap":{"1":{"name":"tokenSymbol","line":8,"loc":{"start":{"line":8,"column":4},"end":{"line":10,"column":4}}},"2":{"name":"tokenName","line":12,"loc":{"start":{"line":12,"column":4},"end":{"line":14,"column":4}}},"3":{"name":"constructor","line":27,"loc":{"start":{"line":27,"column":4},"end":{"line":30,"column":4}}},"4":{"name":"constructor","line":38,"loc":{"start":{"line":38,"column":4},"end":{"line":41,"column":4}}}},"statementMap":{"1":{"start":{"line":9,"column":8},"end":{"line":9,"column":48}},"2":{"start":{"line":13,"column":8},"end":{"line":13,"column":46}},"3":{"start":{"line":28,"column":8},"end":{"line":28,"column":19}},"4":{"start":{"line":29,"column":8},"end":{"line":29,"column":23}},"5":{"start":{"line":39,"column":8},"end":{"line":39,"column":19}},"6":{"start":{"line":40,"column":8},"end":{"line":40,"column":23}}},"branchMap":{}},"contracts/dependencies/uniswap-v2-periphery/contracts/dependencies/uniswap-lib/contracts/test/TransferHelperTest.sol":{"l":{"13":0,"21":0,"30":0,"34":0,"44":0,"45":0,"49":0,"50":0,"58":0,"59":0,"63":0,"64":0,"73":0,"77":0,"85":0,"89":0,"97":0,"101":0,"105":0},"path":"/home/aaron/github/Rena/contracts/dependencies/uniswap-v2-periphery/contracts/dependencies/uniswap-lib/contracts/test/TransferHelperTest.sol","s":{"1":0,"2":0,"3":0,"4":0,"5":0,"6":0,"7":0,"8":0,"9":0,"10":0,"11":0,"12":0,"13":0,"14":0,"15":0,"16":0,"17":0,"18":0},"b":{"1":[0,0],"2":[0,0],"3":[0,0],"4":[0,0],"5":[0,0],"6":[0,0],"7":[0,0]},"f":{"1":0,"2":0,"3":0,"4":0,"5":0,"6":0,"7":0,"8":0,"9":0,"10":0,"11":0,"12":0,"13":0,"14":0},"fnMap":{"1":{"name":"safeApprove","line":8,"loc":{"start":{"line":8,"column":4},"end":{"line":14,"column":4}}},"2":{"name":"safeTransfer","line":16,"loc":{"start":{"line":16,"column":4},"end":{"line":22,"column":4}}},"3":{"name":"safeTransferFrom","line":24,"loc":{"start":{"line":24,"column":4},"end":{"line":31,"column":4}}},"4":{"name":"safeTransferETH","line":33,"loc":{"start":{"line":33,"column":4},"end":{"line":35,"column":4}}},"5":{"name":"setup","line":43,"loc":{"start":{"line":43,"column":4},"end":{"line":46,"column":4}}},"6":{"name":"transfer","line":48,"loc":{"start":{"line":48,"column":4},"end":{"line":51,"column":4}}},"7":{"name":"transferFrom","line":53,"loc":{"start":{"line":53,"column":4},"end":{"line":60,"column":4}}},"8":{"name":"approve","line":62,"loc":{"start":{"line":62,"column":4},"end":{"line":65,"column":4}}},"9":{"name":"setup","line":72,"loc":{"start":{"line":72,"column":4},"end":{"line":74,"column":4}}},"10":{"name":"transfer","line":76,"loc":{"start":{"line":76,"column":4},"end":{"line":78,"column":4}}},"11":{"name":"transferFrom","line":80,"loc":{"start":{"line":80,"column":4},"end":{"line":86,"column":4}}},"12":{"name":"approve","line":88,"loc":{"start":{"line":88,"column":4},"end":{"line":90,"column":4}}},"13":{"name":"setup","line":96,"loc":{"start":{"line":96,"column":4},"end":{"line":98,"column":4}}},"14":{"name":"withdraw","line":104,"loc":{"start":{"line":104,"column":4},"end":{"line":106,"column":4}}}},"statementMap":{"1":{"start":{"line":13,"column":8},"end":{"line":13,"column":51}},"2":{"start":{"line":21,"column":8},"end":{"line":21,"column":52}},"3":{"start":{"line":30,"column":8},"end":{"line":30,"column":62}},"4":{"start":{"line":34,"column":8},"end":{"line":34,"column":48}},"5":{"start":{"line":44,"column":8},"end":{"line":44,"column":25}},"6":{"start":{"line":45,"column":8},"end":{"line":45,"column":35}},"7":{"start":{"line":49,"column":8},"end":{"line":49,"column":39}},"8":{"start":{"line":50,"column":8},"end":{"line":50,"column":22}},"9":{"start":{"line":58,"column":8},"end":{"line":58,"column":39}},"10":{"start":{"line":59,"column":8},"end":{"line":59,"column":22}},"11":{"start":{"line":63,"column":8},"end":{"line":63,"column":39}},"12":{"start":{"line":64,"column":8},"end":{"line":64,"column":22}},"13":{"start":{"line":73,"column":8},"end":{"line":73,"column":35}},"14":{"start":{"line":77,"column":8},"end":{"line":77,"column":29}},"15":{"start":{"line":85,"column":8},"end":{"line":85,"column":29}},"16":{"start":{"line":89,"column":8},"end":{"line":89,"column":29}},"17":{"start":{"line":97,"column":8},"end":{"line":97,"column":35}},"18":{"start":{"line":105,"column":8},"end":{"line":105,"column":49}}},"branchMap":{"1":{"line":49,"type":"if","locations":[{"start":{"line":49,"column":8},"end":{"line":49,"column":8}},{"start":{"line":49,"column":8},"end":{"line":49,"column":8}}]},"2":{"line":58,"type":"if","locations":[{"start":{"line":58,"column":8},"end":{"line":58,"column":8}},{"start":{"line":58,"column":8},"end":{"line":58,"column":8}}]},"3":{"line":63,"type":"if","locations":[{"start":{"line":63,"column":8},"end":{"line":63,"column":8}},{"start":{"line":63,"column":8},"end":{"line":63,"column":8}}]},"4":{"line":77,"type":"if","locations":[{"start":{"line":77,"column":8},"end":{"line":77,"column":8}},{"start":{"line":77,"column":8},"end":{"line":77,"column":8}}]},"5":{"line":85,"type":"if","locations":[{"start":{"line":85,"column":8},"end":{"line":85,"column":8}},{"start":{"line":85,"column":8},"end":{"line":85,"column":8}}]},"6":{"line":89,"type":"if","locations":[{"start":{"line":89,"column":8},"end":{"line":89,"column":8}},{"start":{"line":89,"column":8},"end":{"line":89,"column":8}}]},"7":{"line":101,"type":"if","locations":[{"start":{"line":101,"column":8},"end":{"line":101,"column":8}},{"start":{"line":101,"column":8},"end":{"line":101,"column":8}}]}}},"contracts/dependencies/uniswap-v2-periphery/contracts/dependencies/uniswap-v2-core/contracts/interfaces/IERC20.sol":{"l":{},"path":"/home/aaron/github/Rena/contracts/dependencies/uniswap-v2-periphery/contracts/dependencies/uniswap-v2-core/contracts/interfaces/IERC20.sol","s":{},"b":{},"f":{},"fnMap":{},"statementMap":{},"branchMap":{}},"contracts/dependencies/uniswap-v2-periphery/contracts/dependencies/uniswap-v2-core/contracts/interfaces/IUniswapV2Callee.sol":{"l":{},"path":"/home/aaron/github/Rena/contracts/dependencies/uniswap-v2-periphery/contracts/dependencies/uniswap-v2-core/contracts/interfaces/IUniswapV2Callee.sol","s":{},"b":{},"f":{},"fnMap":{},"statementMap":{},"branchMap":{}},"contracts/dependencies/uniswap-v2-periphery/contracts/dependencies/uniswap-v2-core/contracts/interfaces/IUniswapV2ERC20.sol":{"l":{},"path":"/home/aaron/github/Rena/contracts/dependencies/uniswap-v2-periphery/contracts/dependencies/uniswap-v2-core/contracts/interfaces/IUniswapV2ERC20.sol","s":{},"b":{},"f":{},"fnMap":{},"statementMap":{},"branchMap":{}},"contracts/dependencies/uniswap-v2-periphery/contracts/dependencies/uniswap-v2-core/contracts/interfaces/IUniswapV2Factory.sol":{"l":{},"path":"/home/aaron/github/Rena/contracts/dependencies/uniswap-v2-periphery/contracts/dependencies/uniswap-v2-core/contracts/interfaces/IUniswapV2Factory.sol","s":{},"b":{},"f":{},"fnMap":{},"statementMap":{},"branchMap":{}},"contracts/dependencies/uniswap-v2-periphery/contracts/dependencies/uniswap-v2-core/contracts/interfaces/IUniswapV2Pair.sol":{"l":{},"path":"/home/aaron/github/Rena/contracts/dependencies/uniswap-v2-periphery/contracts/dependencies/uniswap-v2-core/contracts/interfaces/IUniswapV2Pair.sol","s":{},"b":{},"f":{},"fnMap":{},"statementMap":{},"branchMap":{}},"contracts/dependencies/uniswap-v2-periphery/contracts/dependencies/uniswap-v2-core/contracts/libraries/Math.sol":{"l":{"8":0,"13":5,"14":5,"15":5,"16":5,"17":115,"18":115,"21":0},"path":"/home/aaron/github/Rena/contracts/dependencies/uniswap-v2-periphery/contracts/dependencies/uniswap-v2-core/contracts/libraries/Math.sol","s":{"1":0,"2":5,"3":5,"4":5,"5":5,"6":115,"7":115,"8":0,"9":0},"b":{"1":[5,0],"2":[0,0]},"f":{"1":0,"2":5},"fnMap":{"1":{"name":"min","line":7,"loc":{"start":{"line":7,"column":4},"end":{"line":9,"column":4}}},"2":{"name":"sqrt","line":12,"loc":{"start":{"line":12,"column":4},"end":{"line":23,"column":4}}}},"statementMap":{"1":{"start":{"line":8,"column":8},"end":{"line":8,"column":24}},"2":{"start":{"line":13,"column":8},"end":{"line":13,"column":409}},"3":{"start":{"line":14,"column":12},"end":{"line":14,"column":16}},"4":{"start":{"line":15,"column":12},"end":{"line":15,"column":30}},"5":{"start":{"line":16,"column":12},"end":{"line":16,"column":489}},"6":{"start":{"line":17,"column":16},"end":{"line":17,"column":20}},"7":{"start":{"line":18,"column":16},"end":{"line":18,"column":34}},"8":{"start":{"line":20,"column":15},"end":{"line":20,"column":590}},"9":{"start":{"line":21,"column":12},"end":{"line":21,"column":16}}},"branchMap":{"1":{"line":13,"type":"if","locations":[{"start":{"line":13,"column":8},"end":{"line":13,"column":8}},{"start":{"line":13,"column":8},"end":{"line":13,"column":8}}]},"2":{"line":20,"type":"if","locations":[{"start":{"line":20,"column":15},"end":{"line":20,"column":15}},{"start":{"line":20,"column":15},"end":{"line":20,"column":15}}]}}},"contracts/dependencies/uniswap-v2-periphery/contracts/dependencies/uniswap-v2-core/contracts/libraries/SafeMath.sol":{"l":{"8":20,"12":17,"16":12},"path":"/home/aaron/github/Rena/contracts/dependencies/uniswap-v2-periphery/contracts/dependencies/uniswap-v2-core/contracts/libraries/SafeMath.sol","s":{"1":20,"2":17,"3":12},"b":{"1":[20,0],"2":[17,0],"3":[12,0]},"f":{"1":20,"2":17,"3":12},"fnMap":{"1":{"name":"add","line":7,"loc":{"start":{"line":7,"column":4},"end":{"line":9,"column":4}}},"2":{"name":"sub","line":11,"loc":{"start":{"line":11,"column":4},"end":{"line":13,"column":4}}},"3":{"name":"mul","line":15,"loc":{"start":{"line":15,"column":4},"end":{"line":17,"column":4}}}},"statementMap":{"1":{"start":{"line":8,"column":8},"end":{"line":8,"column":56}},"2":{"start":{"line":12,"column":8},"end":{"line":12,"column":57}},"3":{"start":{"line":16,"column":8},"end":{"line":16,"column":70}}},"branchMap":{"1":{"line":8,"type":"if","locations":[{"start":{"line":8,"column":8},"end":{"line":8,"column":8}},{"start":{"line":8,"column":8},"end":{"line":8,"column":8}}]},"2":{"line":12,"type":"if","locations":[{"start":{"line":12,"column":8},"end":{"line":12,"column":8}},{"start":{"line":12,"column":8},"end":{"line":12,"column":8}}]},"3":{"line":16,"type":"if","locations":[{"start":{"line":16,"column":8},"end":{"line":16,"column":8}},{"start":{"line":16,"column":8},"end":{"line":16,"column":8}}]}}},"contracts/dependencies/uniswap-v2-periphery/contracts/dependencies/uniswap-v2-core/contracts/libraries/UQ112x112.sol":{"l":{"14":2,"19":2},"path":"/home/aaron/github/Rena/contracts/dependencies/uniswap-v2-periphery/contracts/dependencies/uniswap-v2-core/contracts/libraries/UQ112x112.sol","s":{"1":2,"2":2},"b":{},"f":{"1":2,"2":2},"fnMap":{"1":{"name":"encode","line":13,"loc":{"start":{"line":13,"column":4},"end":{"line":15,"column":4}}},"2":{"name":"uqdiv","line":18,"loc":{"start":{"line":18,"column":4},"end":{"line":20,"column":4}}}},"statementMap":{"1":{"start":{"line":14,"column":8},"end":{"line":14,"column":28}},"2":{"start":{"line":19,"column":8},"end":{"line":19,"column":25}}},"branchMap":{}},"contracts/dependencies/uniswap-v2-periphery/contracts/dependencies/uniswap-v2-core/contracts/test/ERC20.sol":{"l":{"8":0},"path":"/home/aaron/github/Rena/contracts/dependencies/uniswap-v2-periphery/contracts/dependencies/uniswap-v2-core/contracts/test/ERC20.sol","s":{"1":0},"b":{},"f":{"1":0},"fnMap":{"1":{"name":"constructor","line":7,"loc":{"start":{"line":7,"column":4},"end":{"line":9,"column":4}}}},"statementMap":{"1":{"start":{"line":8,"column":8},"end":{"line":8,"column":38}}},"branchMap":{}},"contracts/dependencies/uniswap-v2-periphery/contracts/dependencies/uniswap-v2-core/contracts/UniswapV2ERC20.sol":{"l":{"26":103,"30":103,"42":0,"46":0,"50":0,"54":5,"58":0,"62":0,"66":0,"70":0,"74":0,"78":10,"79":10,"80":10,"84":0,"85":0,"86":0,"90":0,"91":0,"95":0,"96":0,"97":0,"101":0,"102":0,"106":0,"107":0,"111":0,"112":0,"114":0,"115":0,"119":0,"120":0,"127":0,"128":0,"129":0},"path":"/home/aaron/github/Rena/contracts/dependencies/uniswap-v2-periphery/contracts/dependencies/uniswap-v2-core/contracts/UniswapV2ERC20.sol","s":{"1":103,"2":103,"3":0,"4":0,"5":0,"6":5,"7":0,"8":0,"9":0,"10":0,"11":0,"12":10,"13":10,"14":10,"15":0,"16":0,"17":0,"18":0,"19":0,"20":0,"21":0,"22":0,"23":0,"24":0,"25":0,"26":0,"27":0,"28":0,"29":0,"30":0,"31":0,"32":0,"33":0,"34":0,"35":0},"b":{"1":[0,0],"2":[0,0],"3":[0,0]},"f":{"1":103,"2":0,"3":0,"4":0,"5":5,"6":0,"7":0,"8":0,"9":0,"10":0,"11":10,"12":0,"13":0,"14":0,"15":0,"16":0,"17":0,"18":0},"fnMap":{"1":{"name":"constructor","line":25,"loc":{"start":{"line":25,"column":4},"end":{"line":39,"column":4}}},"2":{"name":"DOMAIN_SEPARATOR","line":41,"loc":{"start":{"line":41,"column":4},"end":{"line":43,"column":4}}},"3":{"name":"PERMIT_TYPEHASH","line":45,"loc":{"start":{"line":45,"column":4},"end":{"line":47,"column":4}}},"4":{"name":"allowance","line":49,"loc":{"start":{"line":49,"column":4},"end":{"line":51,"column":4}}},"5":{"name":"balanceOf","line":53,"loc":{"start":{"line":53,"column":4},"end":{"line":55,"column":4}}},"6":{"name":"decimals","line":57,"loc":{"start":{"line":57,"column":4},"end":{"line":59,"column":4}}},"7":{"name":"name","line":61,"loc":{"start":{"line":61,"column":4},"end":{"line":63,"column":4}}},"8":{"name":"nonces","line":65,"loc":{"start":{"line":65,"column":4},"end":{"line":67,"column":4}}},"9":{"name":"symbol","line":69,"loc":{"start":{"line":69,"column":4},"end":{"line":71,"column":4}}},"10":{"name":"totalSupply","line":73,"loc":{"start":{"line":73,"column":4},"end":{"line":75,"column":4}}},"11":{"name":"_mint","line":77,"loc":{"start":{"line":77,"column":4},"end":{"line":81,"column":4}}},"12":{"name":"_burn","line":83,"loc":{"start":{"line":83,"column":4},"end":{"line":87,"column":4}}},"13":{"name":"_approve","line":89,"loc":{"start":{"line":89,"column":4},"end":{"line":92,"column":4}}},"14":{"name":"_transfer","line":94,"loc":{"start":{"line":94,"column":4},"end":{"line":98,"column":4}}},"15":{"name":"approve","line":100,"loc":{"start":{"line":100,"column":4},"end":{"line":103,"column":4}}},"16":{"name":"transfer","line":105,"loc":{"start":{"line":105,"column":4},"end":{"line":108,"column":4}}},"17":{"name":"transferFrom","line":110,"loc":{"start":{"line":110,"column":4},"end":{"line":116,"column":4}}},"18":{"name":"permit","line":118,"loc":{"start":{"line":118,"column":4},"end":{"line":130,"column":4}}}},"statementMap":{"1":{"start":{"line":26,"column":8},"end":{"line":26,"column":20}},"2":{"start":{"line":30,"column":8},"end":{"line":30,"column":1105}},"3":{"start":{"line":42,"column":8},"end":{"line":42,"column":32}},"4":{"start":{"line":46,"column":8},"end":{"line":46,"column":31}},"5":{"start":{"line":50,"column":8},"end":{"line":50,"column":41}},"6":{"start":{"line":54,"column":8},"end":{"line":54,"column":32}},"7":{"start":{"line":58,"column":8},"end":{"line":58,"column":24}},"8":{"start":{"line":62,"column":8},"end":{"line":62,"column":20}},"9":{"start":{"line":66,"column":8},"end":{"line":66,"column":29}},"10":{"start":{"line":70,"column":8},"end":{"line":70,"column":22}},"11":{"start":{"line":74,"column":8},"end":{"line":74,"column":27}},"12":{"start":{"line":78,"column":8},"end":{"line":78,"column":45}},"13":{"start":{"line":79,"column":8},"end":{"line":79,"column":49}},"14":{"start":{"line":80,"column":8},"end":{"line":80,"column":44}},"15":{"start":{"line":84,"column":8},"end":{"line":84,"column":53}},"16":{"start":{"line":85,"column":8},"end":{"line":85,"column":45}},"17":{"start":{"line":86,"column":8},"end":{"line":86,"column":46}},"18":{"start":{"line":90,"column":8},"end":{"line":90,"column":41}},"19":{"start":{"line":91,"column":8},"end":{"line":91,"column":44}},"20":{"start":{"line":95,"column":8},"end":{"line":95,"column":53}},"21":{"start":{"line":96,"column":8},"end":{"line":96,"column":49}},"22":{"start":{"line":97,"column":8},"end":{"line":97,"column":38}},"23":{"start":{"line":101,"column":8},"end":{"line":101,"column":43}},"24":{"start":{"line":102,"column":8},"end":{"line":102,"column":19}},"25":{"start":{"line":106,"column":8},"end":{"line":106,"column":39}},"26":{"start":{"line":107,"column":8},"end":{"line":107,"column":19}},"27":{"start":{"line":111,"column":8},"end":{"line":111,"column":3690}},"28":{"start":{"line":112,"column":12},"end":{"line":112,"column":81}},"29":{"start":{"line":114,"column":8},"end":{"line":114,"column":33}},"30":{"start":{"line":115,"column":8},"end":{"line":115,"column":19}},"31":{"start":{"line":119,"column":8},"end":{"line":119,"column":65}},"32":{"start":{"line":120,"column":8},"end":{"line":120,"column":4103}},"33":{"start":{"line":127,"column":8},"end":{"line":127,"column":61}},"34":{"start":{"line":128,"column":8},"end":{"line":128,"column":107}},"35":{"start":{"line":129,"column":8},"end":{"line":129,"column":38}}},"branchMap":{"1":{"line":111,"type":"if","locations":[{"start":{"line":111,"column":8},"end":{"line":111,"column":8}},{"start":{"line":111,"column":8},"end":{"line":111,"column":8}}]},"2":{"line":119,"type":"if","locations":[{"start":{"line":119,"column":8},"end":{"line":119,"column":8}},{"start":{"line":119,"column":8},"end":{"line":119,"column":8}}]},"3":{"line":128,"type":"if","locations":[{"start":{"line":128,"column":8},"end":{"line":128,"column":8}},{"start":{"line":128,"column":8},"end":{"line":128,"column":8}}]}}},"contracts/dependencies/uniswap-v2-periphery/contracts/dependencies/uniswap-v2-core/contracts/UniswapV2Factory.sol":{"l":{"17":90,"21":0,"25":90,"26":90,"27":90,"28":90,"29":90,"30":90,"31":90,"34":90,"35":90,"36":90,"37":90,"38":90,"42":0,"43":0,"47":0,"48":0},"path":"/home/aaron/github/Rena/contracts/dependencies/uniswap-v2-periphery/contracts/dependencies/uniswap-v2-core/contracts/UniswapV2Factory.sol","s":{"1":90,"2":0,"3":90,"4":90,"5":90,"6":90,"7":90,"8":90,"9":90,"10":90,"11":90,"12":90,"13":90,"14":0,"15":0,"16":0,"17":0},"b":{"1":[90,0],"2":[90,0],"3":[90,0],"4":[0,0],"5":[0,0]},"f":{"1":90,"2":0,"3":90,"4":0,"5":0},"fnMap":{"1":{"name":"constructor","line":16,"loc":{"start":{"line":16,"column":4},"end":{"line":18,"column":4}}},"2":{"name":"allPairsLength","line":20,"loc":{"start":{"line":20,"column":4},"end":{"line":22,"column":4}}},"3":{"name":"createPair","line":24,"loc":{"start":{"line":24,"column":4},"end":{"line":39,"column":4}}},"4":{"name":"setFeeTo","line":41,"loc":{"start":{"line":41,"column":4},"end":{"line":44,"column":4}}},"5":{"name":"setFeeToSetter","line":46,"loc":{"start":{"line":46,"column":4},"end":{"line":49,"column":4}}}},"statementMap":{"1":{"start":{"line":17,"column":8},"end":{"line":17,"column":33}},"2":{"start":{"line":21,"column":8},"end":{"line":21,"column":30}},"3":{"start":{"line":25,"column":8},"end":{"line":25,"column":66}},"4":{"start":{"line":26,"column":8},"end":{"line":26,"column":96}},"5":{"start":{"line":27,"column":8},"end":{"line":27,"column":63}},"6":{"start":{"line":28,"column":8},"end":{"line":28,"column":79}},"7":{"start":{"line":29,"column":8},"end":{"line":29,"column":64}},"8":{"start":{"line":30,"column":8},"end":{"line":30,"column":66}},"9":{"start":{"line":34,"column":8},"end":{"line":34,"column":54}},"10":{"start":{"line":35,"column":8},"end":{"line":35,"column":37}},"11":{"start":{"line":36,"column":8},"end":{"line":36,"column":37}},"12":{"start":{"line":37,"column":8},"end":{"line":37,"column":26}},"13":{"start":{"line":38,"column":8},"end":{"line":38,"column":63}},"14":{"start":{"line":42,"column":8},"end":{"line":42,"column":65}},"15":{"start":{"line":43,"column":8},"end":{"line":43,"column":21}},"16":{"start":{"line":47,"column":8},"end":{"line":47,"column":65}},"17":{"start":{"line":48,"column":8},"end":{"line":48,"column":33}}},"branchMap":{"1":{"line":25,"type":"if","locations":[{"start":{"line":25,"column":8},"end":{"line":25,"column":8}},{"start":{"line":25,"column":8},"end":{"line":25,"column":8}}]},"2":{"line":27,"type":"if","locations":[{"start":{"line":27,"column":8},"end":{"line":27,"column":8}},{"start":{"line":27,"column":8},"end":{"line":27,"column":8}}]},"3":{"line":28,"type":"if","locations":[{"start":{"line":28,"column":8},"end":{"line":28,"column":8}},{"start":{"line":28,"column":8},"end":{"line":28,"column":8}}]},"4":{"line":42,"type":"if","locations":[{"start":{"line":42,"column":8},"end":{"line":42,"column":8}},{"start":{"line":42,"column":8},"end":{"line":42,"column":8}}]},"5":{"line":47,"type":"if","locations":[{"start":{"line":47,"column":8},"end":{"line":47,"column":8}},{"start":{"line":47,"column":8},"end":{"line":47,"column":8}}]}}},"contracts/dependencies/uniswap-v2-periphery/contracts/dependencies/uniswap-v2-core/contracts/UniswapV2Pair.sol":{"l":{"35":7,"36":7,"37":7,"38":6,"42":103,"46":0,"50":0,"54":0,"57":0,"61":0,"65":0,"69":0,"73":7,"74":7,"75":7,"79":2,"80":2,"96":103,"97":103,"98":103,"103":6,"104":6,"105":6,"106":6,"108":1,"109":1,"111":6,"112":6,"113":6,"114":6,"119":5,"120":5,"121":5,"122":5,"123":0,"124":0,"125":0,"126":0,"127":0,"128":0,"129":0,"130":0,"134":0,"140":5,"141":5,"142":5,"143":5,"144":5,"146":5,"147":5,"148":5,"149":5,"150":5,"152":0,"154":5,"155":5,"157":5,"158":5,"159":5,"164":0,"165":0,"166":0,"167":0,"168":0,"169":0,"171":0,"172":0,"173":0,"174":0,"175":0,"176":0,"177":0,"178":0,"179":0,"180":0,"182":0,"183":0,"184":0,"189":2,"190":2,"191":2,"193":2,"194":2,"195":2,"196":2,"197":2,"198":2,"199":2,"200":2,"201":1,"202":1,"203":1,"205":1,"206":1,"207":1,"208":1,"209":1,"210":1,"211":1,"214":1,"215":1,"220":0,"221":0,"222":0,"223":0,"228":0},"path":"/home/aaron/github/Rena/contracts/dependencies/uniswap-v2-periphery/contracts/dependencies/uniswap-v2-core/contracts/UniswapV2Pair.sol","s":{"1":7,"2":7,"3":6,"4":103,"5":0,"6":0,"7":0,"8":0,"9":0,"10":0,"11":0,"12":7,"13":7,"14":7,"15":2,"16":2,"17":103,"18":103,"19":103,"20":6,"21":6,"22":6,"23":6,"24":1,"25":1,"26":6,"27":6,"28":6,"29":6,"30":5,"31":5,"32":5,"33":5,"34":0,"35":0,"36":0,"37":0,"38":0,"39":0,"40":0,"41":0,"42":0,"43":5,"44":0,"45":5,"46":5,"47":5,"48":5,"49":5,"50":5,"51":5,"52":5,"53":5,"54":5,"55":0,"56":5,"57":5,"58":5,"59":5,"60":0,"61":5,"62":0,"63":0,"64":0,"65":0,"66":0,"67":0,"68":0,"69":0,"70":0,"71":0,"72":0,"73":0,"74":0,"75":0,"76":0,"77":0,"78":0,"79":0,"80":0,"81":0,"82":2,"83":2,"84":2,"85":2,"86":2,"87":2,"88":2,"89":2,"90":2,"91":1,"92":2,"93":1,"94":1,"95":0,"96":1,"97":1,"98":1,"99":1,"100":1,"101":1,"102":1,"103":1,"104":1,"105":1,"106":0,"107":0,"108":0,"109":0,"110":0},"b":{"1":[7,0],"2":[1,1],"3":[103,0],"4":[6,0],"5":[1,5],"6":[0,5],"7":[0,0],"8":[0,0],"9":[0,0],"10":[0,5],"11":[5,0],"12":[5,0],"13":[0,5],"14":[0,0],"15":[0,0],"16":[2,0],"17":[2,0],"18":[2,0],"19":[1,1],"20":[1,1],"21":[0,1],"22":[1,0],"23":[1,0]},"f":{"1":7,"2":103,"3":0,"4":0,"5":0,"6":0,"7":0,"8":0,"9":0,"10":7,"11":2,"12":103,"13":6,"14":5,"15":5,"16":0,"17":2,"18":0,"19":0},"fnMap":{"1":{"name":"lock","line":34,"loc":{"start":{"line":34,"column":4},"end":{"line":39,"column":4}}},"2":{"name":"constructor","line":41,"loc":{"start":{"line":41,"column":4},"end":{"line":43,"column":4}}},"3":{"name":"MINIMUM_LIQUIDITY","line":45,"loc":{"start":{"line":45,"column":4},"end":{"line":47,"column":4}}},"4":{"name":"factory","line":49,"loc":{"start":{"line":49,"column":4},"end":{"line":51,"column":4}}},"5":{"name":"token0","line":53,"loc":{"start":{"line":53,"column":4},"end":{"line":55,"column":4}}},"6":{"name":"token1","line":56,"loc":{"start":{"line":56,"column":4},"end":{"line":58,"column":4}}},"7":{"name":"price0CumulativeLast","line":60,"loc":{"start":{"line":60,"column":4},"end":{"line":62,"column":4}}},"8":{"name":"price1CumulativeLast","line":64,"loc":{"start":{"line":64,"column":4},"end":{"line":66,"column":4}}},"9":{"name":"kLast","line":68,"loc":{"start":{"line":68,"column":4},"end":{"line":70,"column":4}}},"10":{"name":"getReserves","line":72,"loc":{"start":{"line":72,"column":4},"end":{"line":76,"column":4}}},"11":{"name":"_safeTransfer","line":78,"loc":{"start":{"line":78,"column":4},"end":{"line":81,"column":4}}},"12":{"name":"initialize","line":95,"loc":{"start":{"line":95,"column":4},"end":{"line":99,"column":4}}},"13":{"name":"_update","line":102,"loc":{"start":{"line":102,"column":4},"end":{"line":115,"column":4}}},"14":{"name":"_mintFee","line":118,"loc":{"start":{"line":118,"column":4},"end":{"line":136,"column":4}}},"15":{"name":"mint","line":139,"loc":{"start":{"line":139,"column":4},"end":{"line":160,"column":4}}},"16":{"name":"burn","line":163,"loc":{"start":{"line":163,"column":4},"end":{"line":185,"column":4}}},"17":{"name":"swap","line":188,"loc":{"start":{"line":188,"column":4},"end":{"line":216,"column":4}}},"18":{"name":"skim","line":219,"loc":{"start":{"line":219,"column":4},"end":{"line":224,"column":4}}},"19":{"name":"sync","line":227,"loc":{"start":{"line":227,"column":4},"end":{"line":229,"column":4}}}},"statementMap":{"1":{"start":{"line":35,"column":8},"end":{"line":35,"column":50}},"2":{"start":{"line":36,"column":8},"end":{"line":36,"column":19}},"3":{"start":{"line":38,"column":8},"end":{"line":38,"column":19}},"4":{"start":{"line":42,"column":8},"end":{"line":42,"column":28}},"5":{"start":{"line":46,"column":8},"end":{"line":46,"column":33}},"6":{"start":{"line":50,"column":8},"end":{"line":50,"column":23}},"7":{"start":{"line":54,"column":8},"end":{"line":54,"column":22}},"8":{"start":{"line":57,"column":8},"end":{"line":57,"column":22}},"9":{"start":{"line":61,"column":8},"end":{"line":61,"column":36}},"10":{"start":{"line":65,"column":8},"end":{"line":65,"column":36}},"11":{"start":{"line":69,"column":8},"end":{"line":69,"column":21}},"12":{"start":{"line":73,"column":8},"end":{"line":73,"column":27}},"13":{"start":{"line":74,"column":8},"end":{"line":74,"column":27}},"14":{"start":{"line":75,"column":8},"end":{"line":75,"column":47}},"15":{"start":{"line":79,"column":8},"end":{"line":79,"column":99}},"16":{"start":{"line":80,"column":8},"end":{"line":80,"column":103}},"17":{"start":{"line":96,"column":8},"end":{"line":96,"column":62}},"18":{"start":{"line":97,"column":8},"end":{"line":97,"column":24}},"19":{"start":{"line":98,"column":8},"end":{"line":98,"column":24}},"20":{"start":{"line":103,"column":8},"end":{"line":103,"column":89}},"21":{"start":{"line":104,"column":8},"end":{"line":104,"column":63}},"22":{"start":{"line":105,"column":8},"end":{"line":105,"column":64}},"23":{"start":{"line":106,"column":8},"end":{"line":106,"column":3799}},"24":{"start":{"line":108,"column":12},"end":{"line":108,"column":100}},"25":{"start":{"line":109,"column":12},"end":{"line":109,"column":100}},"26":{"start":{"line":111,"column":8},"end":{"line":111,"column":35}},"27":{"start":{"line":112,"column":8},"end":{"line":112,"column":35}},"28":{"start":{"line":113,"column":8},"end":{"line":113,"column":42}},"29":{"start":{"line":114,"column":8},"end":{"line":114,"column":37}},"30":{"start":{"line":119,"column":8},"end":{"line":119,"column":59}},"31":{"start":{"line":120,"column":8},"end":{"line":120,"column":34}},"32":{"start":{"line":121,"column":8},"end":{"line":121,"column":28}},"33":{"start":{"line":122,"column":8},"end":{"line":122,"column":4624}},"34":{"start":{"line":123,"column":12},"end":{"line":123,"column":4653}},"35":{"start":{"line":124,"column":16},"end":{"line":124,"column":70}},"36":{"start":{"line":125,"column":16},"end":{"line":125,"column":50}},"37":{"start":{"line":126,"column":16},"end":{"line":126,"column":4816}},"38":{"start":{"line":127,"column":20},"end":{"line":127,"column":75}},"39":{"start":{"line":128,"column":20},"end":{"line":128,"column":66}},"40":{"start":{"line":129,"column":20},"end":{"line":129,"column":60}},"41":{"start":{"line":130,"column":20},"end":{"line":130,"column":62}},"42":{"start":{"line":130,"column":39},"end":{"line":130,"column":61}},"43":{"start":{"line":133,"column":15},"end":{"line":133,"column":5151}},"44":{"start":{"line":134,"column":12},"end":{"line":134,"column":21}},"45":{"start":{"line":140,"column":8},"end":{"line":140,"column":63}},"46":{"start":{"line":141,"column":8},"end":{"line":141,"column":64}},"47":{"start":{"line":142,"column":8},"end":{"line":142,"column":64}},"48":{"start":{"line":143,"column":8},"end":{"line":143,"column":46}},"49":{"start":{"line":144,"column":8},"end":{"line":144,"column":46}},"50":{"start":{"line":146,"column":8},"end":{"line":146,"column":51}},"51":{"start":{"line":147,"column":8},"end":{"line":147,"column":40}},"52":{"start":{"line":148,"column":8},"end":{"line":148,"column":5884}},"53":{"start":{"line":149,"column":12},"end":{"line":149,"column":78}},"54":{"start":{"line":150,"column":11},"end":{"line":150,"column":47}},"55":{"start":{"line":152,"column":12},"end":{"line":152,"column":109}},"56":{"start":{"line":154,"column":8},"end":{"line":154,"column":73}},"57":{"start":{"line":155,"column":8},"end":{"line":155,"column":27}},"58":{"start":{"line":157,"column":8},"end":{"line":157,"column":56}},"59":{"start":{"line":158,"column":8},"end":{"line":158,"column":56}},"60":{"start":{"line":158,"column":19},"end":{"line":158,"column":55}},"61":{"start":{"line":159,"column":8},"end":{"line":159,"column":47}},"62":{"start":{"line":164,"column":8},"end":{"line":164,"column":63}},"63":{"start":{"line":165,"column":8},"end":{"line":165,"column":33}},"64":{"start":{"line":166,"column":8},"end":{"line":166,"column":33}},"65":{"start":{"line":167,"column":8},"end":{"line":167,"column":64}},"66":{"start":{"line":168,"column":8},"end":{"line":168,"column":64}},"67":{"start":{"line":169,"column":8},"end":{"line":169,"column":50}},"68":{"start":{"line":171,"column":8},"end":{"line":171,"column":51}},"69":{"start":{"line":172,"column":8},"end":{"line":172,"column":40}},"70":{"start":{"line":173,"column":8},"end":{"line":173,"column":55}},"71":{"start":{"line":174,"column":8},"end":{"line":174,"column":55}},"72":{"start":{"line":175,"column":8},"end":{"line":175,"column":86}},"73":{"start":{"line":176,"column"
[...]
":625,"column":24}},"70":{"start":{"line":646,"column":8},"end":{"line":646,"column":39}},"71":{"start":{"line":650,"column":8},"end":{"line":650,"column":114}},"72":{"start":{"line":655,"column":8},"end":{"line":655,"column":44}},"73":{"start":{"line":659,"column":8},"end":{"line":659,"column":34}},"74":{"start":{"line":663,"column":8},"end":{"line":663,"column":42}},"75":{"start":{"line":667,"column":8},"end":{"line":667,"column":36}},"76":{"start":{"line":668,"column":8},"end":{"line":668,"column":41}},"77":{"start":{"line":672,"column":8},"end":{"line":672,"column":39}},"78":{"start":{"line":673,"column":8},"end":{"line":673,"column":43}},"79":{"start":{"line":712,"column":8},"end":{"line":712,"column":38}},"80":{"start":{"line":713,"column":8},"end":{"line":713,"column":33}},"81":{"start":{"line":714,"column":8},"end":{"line":714,"column":31}},"82":{"start":{"line":715,"column":8},"end":{"line":715,"column":28}},"83":{"start":{"line":716,"column":8},"end":{"line":716,"column":36}},"84":{"start":{"line":717,"column":8},"end":{"line":717,"column":45}},"85":{"start":{"line":718,"column":8},"end":{"line":718,"column":29}},"86":{"start":{"line":719,"column":8},"end":{"line":719,"column":28}},"87":{"start":{"line":720,"column":8},"end":{"line":720,"column":40}},"88":{"start":{"line":721,"column":8},"end":{"line":721,"column":40}},"89":{"start":{"line":722,"column":8},"end":{"line":722,"column":44}},"90":{"start":{"line":723,"column":8},"end":{"line":723,"column":33}},"91":{"start":{"line":724,"column":8},"end":{"line":724,"column":20}},"92":{"start":{"line":725,"column":8},"end":{"line":725,"column":34}},"93":{"start":{"line":726,"column":8},"end":{"line":726,"column":30}},"94":{"start":{"line":727,"column":8},"end":{"line":727,"column":41}},"95":{"start":{"line":735,"column":8},"end":{"line":735,"column":24226}},"96":{"start":{"line":736,"column":12},"end":{"line":736,"column":48}},"97":{"start":{"line":738,"column":8},"end":{"line":738,"column":24318}},"98":{"start":{"line":739,"column":12},"end":{"line":739,"column":74}},"99":{"start":{"line":740,"column":12},"end":{"line":740,"column":68}},"100":{"start":{"line":741,"column":12},"end":{"line":741,"column":69}},"101":{"start":{"line":744,"column":12},"end":{"line":744,"column":44}},"102":{"start":{"line":752,"column":8},"end":{"line":752,"column":97}},"103":{"start":{"line":753,"column":8},"end":{"line":753,"column":80}},"104":{"start":{"line":754,"column":8},"end":{"line":754,"column":38}},"105":{"start":{"line":756,"column":8},"end":{"line":756,"column":58}},"106":{"start":{"line":757,"column":8},"end":{"line":757,"column":49}},"107":{"start":{"line":759,"column":8},"end":{"line":759,"column":100}},"108":{"start":{"line":762,"column":8},"end":{"line":762,"column":35}},"109":{"start":{"line":763,"column":8},"end":{"line":763,"column":62}},"110":{"start":{"line":765,"column":8},"end":{"line":765,"column":31}},"111":{"start":{"line":769,"column":8},"end":{"line":769,"column":25633}},"112":{"start":{"line":770,"column":12},"end":{"line":770,"column":69}},"113":{"start":{"line":771,"column":12},"end":{"line":771,"column":42}},"114":{"start":{"line":772,"column":12},"end":{"line":772,"column":49}},"115":{"start":{"line":775,"column":12},"end":{"line":775,"column":74}},"116":{"start":{"line":776,"column":12},"end":{"line":776,"column":47}},"117":{"start":{"line":777,"column":12},"end":{"line":777,"column":59}},"118":{"start":{"line":782,"column":8},"end":{"line":782,"column":62}},"119":{"start":{"line":783,"column":8},"end":{"line":783,"column":26215}},"120":{"start":{"line":796,"column":8},"end":{"line":796,"column":39}},"121":{"start":{"line":801,"column":8},"end":{"line":801,"column":66}},"122":{"start":{"line":802,"column":8},"end":{"line":802,"column":45}},"123":{"start":{"line":803,"column":8},"end":{"line":803,"column":79}},"124":{"start":{"line":805,"column":8},"end":{"line":805,"column":57}},"125":{"start":{"line":806,"column":8},"end":{"line":806,"column":84}},"126":{"start":{"line":807,"column":8},"end":{"line":807,"column":28}},"127":{"start":{"line":812,"column":8},"end":{"line":812,"column":66}},"128":{"start":{"line":813,"column":8},"end":{"line":813,"column":45}},"129":{"start":{"line":814,"column":8},"end":{"line":814,"column":79}},"130":{"start":{"line":816,"column":8},"end":{"line":816,"column":57}},"131":{"start":{"line":817,"column":8},"end":{"line":817,"column":84}},"132":{"start":{"line":818,"column":8},"end":{"line":818,"column":28}},"133":{"start":{"line":823,"column":8},"end":{"line":823,"column":60}},"134":{"start":{"line":828,"column":8},"end":{"line":828,"column":57}},"135":{"start":{"line":833,"column":8},"end":{"line":833,"column":57}},"136":{"start":{"line":875,"column":8},"end":{"line":875,"column":63}},"137":{"start":{"line":876,"column":8},"end":{"line":876,"column":40}},"138":{"start":{"line":880,"column":8},"end":{"line":880,"column":62}},"139":{"start":{"line":881,"column":8},"end":{"line":881,"column":35}},"140":{"start":{"line":885,"column":8},"end":{"line":885,"column":62}},"141":{"start":{"line":886,"column":8},"end":{"line":886,"column":35}},"142":{"start":{"line":934,"column":8},"end":{"line":934,"column":36}},"143":{"start":{"line":942,"column":8},"end":{"line":942,"column":47}},"144":{"start":{"line":964,"column":8},"end":{"line":964,"column":32544}},"145":{"start":{"line":973,"column":8},"end":{"line":973,"column":32774}},"146":{"start":{"line":982,"column":8},"end":{"line":982,"column":32974}},"147":{"start":{"line":990,"column":8},"end":{"line":990,"column":54}},"148":{"start":{"line":991,"column":8},"end":{"line":991,"column":92}},"149":{"start":{"line":992,"column":8},"end":{"line":992,"column":93}},"150":{"start":{"line":993,"column":8},"end":{"line":993,"column":82}},"151":{"start":{"line":994,"column":8},"end":{"line":994,"column":46}},"152":{"start":{"line":1007,"column":8},"end":{"line":1007,"column":53}},"153":{"start":{"line":1008,"column":8},"end":{"line":1008,"column":82}},"154":{"start":{"line":1023,"column":8},"end":{"line":1023,"column":96}},"155":{"start":{"line":1025,"column":8},"end":{"line":1025,"column":53}},"156":{"start":{"line":1026,"column":8},"end":{"line":1026,"column":34677}},"157":{"start":{"line":1027,"column":12},"end":{"line":1027,"column":20}},"158":{"start":{"line":1031,"column":8},"end":{"line":1031,"column":34786}},"159":{"start":{"line":1032,"column":12},"end":{"line":1032,"column":63}},"160":{"start":{"line":1036,"column":8},"end":{"line":1036,"column":34985}},"161":{"start":{"line":1037,"column":12},"end":{"line":1037,"column":20}},"162":{"start":{"line":1040,"column":8},"end":{"line":1040,"column":24}},"163":{"start":{"line":1041,"column":8},"end":{"line":1041,"column":39}},"164":{"start":{"line":1042,"column":8},"end":{"line":1042,"column":35148}},"165":{"start":{"line":1043,"column":12},"end":{"line":1043,"column":55}},"166":{"start":{"line":1044,"column":12},"end":{"line":1044,"column":63}},"167":{"start":{"line":1045,"column":12},"end":{"line":1045,"column":35337}},"168":{"start":{"line":1046,"column":16},"end":{"line":1046,"column":31}},"169":{"start":{"line":1047,"column":19},"end":{"line":1047,"column":35424}},"170":{"start":{"line":1048,"column":16},"end":{"line":1048,"column":29}},"171":{"start":{"line":1050,"column":16},"end":{"line":1050,"column":33}},"172":{"start":{"line":1053,"column":8},"end":{"line":1053,"column":48}},"173":{"start":{"line":1059,"column":8},"end":{"line":1059,"column":55}},"174":{"start":{"line":1060,"column":8},"end":{"line":1060,"column":55}},"175":{"start":{"line":1061,"column":8},"end":{"line":1061,"column":40}},"176":{"start":{"line":1063,"column":8},"end":{"line":1063,"column":67}},"177":{"start":{"line":1065,"column":8},"end":{"line":1065,"column":67}},"178":{"start":{"line":1069,"column":8},"end":{"line":1069,"column":36164}},"179":{"start":{"line":1070,"column":12},"end":{"line":1070,"column":36218}},"180":{"start":{"line":1072,"column":16},"end":{"line":1072,"column":57}},"181":{"start":{"line":1073,"column":16},"end":{"line":1073,"column":96}},"182":{"start":{"line":1074,"column":16},"end":{"line":1074,"column":57}},"183":{"start":{"line":1075,"column":16},"end":{"line":1075,"column":72}},"184":{"start":{"line":1078,"column":12},"end":{"line":1078,"column":36611}},"185":{"start":{"line":1080,"column":16},"end":{"line":1080,"column":57}},"186":{"start":{"line":1081,"column":16},"end":{"line":1081,"column":96}},"187":{"start":{"line":1082,"column":16},"end":{"line":1082,"column":57}},"188":{"start":{"line":1083,"column":16},"end":{"line":1083,"column":72}},"189":{"start":{"line":1096,"column":8},"end":{"line":1096,"column":116}},"190":{"start":{"line":1098,"column":8},"end":{"line":1098,"column":37298}},"191":{"start":{"line":1099,"column":12},"end":{"line":1099,"column":68}},"192":{"start":{"line":1101,"column":12},"end":{"line":1101,"column":83}},"193":{"start":{"line":1102,"column":12},"end":{"line":1102,"column":55}},"194":{"start":{"line":1105,"column":8},"end":{"line":1105,"column":64}},"195":{"start":{"line":1109,"column":8},"end":{"line":1109,"column":39}},"196":{"start":{"line":1110,"column":8},"end":{"line":1110,"column":24}},"197":{"start":{"line":1114,"column":8},"end":{"line":1114,"column":23}},"198":{"start":{"line":1116,"column":8},"end":{"line":1116,"column":22}},"199":{"start":{"line":1129,"column":8},"end":{"line":1129,"column":45}},"200":{"start":{"line":1130,"column":8},"end":{"line":1130,"column":27}},"201":{"start":{"line":1134,"column":8},"end":{"line":1134,"column":58}},"202":{"start":{"line":1135,"column":8},"end":{"line":1135,"column":67}},"203":{"start":{"line":1136,"column":8},"end":{"line":1136,"column":64}},"204":{"start":{"line":1137,"column":8},"end":{"line":1137,"column":71}},"205":{"start":{"line":1138,"column":8},"end":{"line":1138,"column":46}},"206":{"start":{"line":1139,"column":8},"end":{"line":1139,"column":66}},"207":{"start":{"line":1140,"column":8},"end":{"line":1140,"column":48}},"208":{"start":{"line":1144,"column":8},"end":{"line":1144,"column":59}},"209":{"start":{"line":1145,"column":8},"end":{"line":1145,"column":78}},"210":{"start":{"line":1146,"column":8},"end":{"line":1146,"column":42}},"211":{"start":{"line":1147,"column":8},"end":{"line":1147,"column":67}},"212":{"start":{"line":1148,"column":8},"end":{"line":1148,"column":40}},"213":{"start":{"line":1150,"column":8},"end":{"line":1150,"column":56}},"214":{"start":{"line":1152,"column":8},"end":{"line":1152,"column":39520}},"215":{"start":{"line":1173,"column":8},"end":{"line":1173,"column":90}},"216":{"start":{"line":1174,"column":8},"end":{"line":1174,"column":41}},"217":{"start":{"line":1178,"column":8},"end":{"line":1178,"column":86}},"218":{"start":{"line":1179,"column":8},"end":{"line":1179,"column":37}},"219":{"start":{"line":1183,"column":8},"end":{"line":1183,"column":40583}},"220":{"start":{"line":1184,"column":12},"end":{"line":1184,"column":95}},"221":{"start":{"line":1186,"column":8},"end":{"line":1186,"column":51}},"222":{"start":{"line":1190,"column":8},"end":{"line":1190,"column":40882}},"223":{"start":{"line":1191,"column":12},"end":{"line":1191,"column":87}},"224":{"start":{"line":1193,"column":8},"end":{"line":1193,"column":43}},"225":{"start":{"line":1197,"column":8},"end":{"line":1197,"column":23}},"226":{"start":{"line":1201,"column":8},"end":{"line":1201,"column":36}},"227":{"start":{"line":1205,"column":8},"end":{"line":1205,"column":41410}},"228":{"start":{"line":1206,"column":12},"end":{"line":1206,"column":87}},"229":{"start":{"line":1208,"column":8},"end":{"line":1208,"column":43}},"230":{"start":{"line":1212,"column":8},"end":{"line":1212,"column":52}},"231":{"start":{"line":1213,"column":8},"end":{"line":1213,"column":71}},"232":{"start":{"line":1214,"column":8},"end":{"line":1214,"column":57}},"233":{"start":{"line":1218,"column":8},"end":{"line":1218,"column":47}},"234":{"start":{"line":1221,"column":8},"end":{"line":1221,"column":41}},"235":{"start":{"line":1224,"column":8},"end":{"line":1224,"column":21}},"236":{"start":{"line":1228,"column":8},"end":{"line":1228,"column":35}}},"branchMap":{"1":{"line":147,"type":"if","locations":[{"start":{"line":147,"column":8},"end":{"line":147,"column":8}},{"start":{"line":147,"column":8},"end":{"line":147,"column":8}}]},"2":{"line":177,"type":"if","locations":[{"start":{"line":177,"column":8},"end":{"line":177,"column":8}},{"start":{"line":177,"column":8},"end":{"line":177,"column":8}}]},"3":{"line":196,"type":"if","locations":[{"start":{"line":196,"column":8},"end":{"line":196,"column":8}},{"start":{"line":196,"column":8},"end":{"line":196,"column":8}}]},"4":{"line":201,"type":"if","locations":[{"start":{"line":201,"column":8},"end":{"line":201,"column":8}},{"start":{"line":201,"column":8},"end":{"line":201,"column":8}}]},"5":{"line":236,"type":"if","locations":[{"start":{"line":236,"column":8},"end":{"line":236,"column":8}},{"start":{"line":236,"column":8},"end":{"line":236,"column":8}}]},"6":{"line":272,"type":"if","locations":[{"start":{"line":272,"column":8},"end":{"line":272,"column":8}},{"start":{"line":272,"column":8},"end":{"line":272,"column":8}}]},"7":{"line":431,"type":"if","locations":[{"start":{"line":431,"column":8},"end":{"line":431,"column":8}},{"start":{"line":431,"column":8},"end":{"line":431,"column":8}}]},"8":{"line":432,"type":"if","locations":[{"start":{"line":432,"column":8},"end":{"line":432,"column":8}},{"start":{"line":432,"column":8},"end":{"line":432,"column":8}}]},"9":{"line":449,"type":"if","locations":[{"start":{"line":449,"column":8},"end":{"line":449,"column":8}},{"start":{"line":449,"column":8},"end":{"line":449,"column":8}}]},"10":{"line":468,"type":"if","locations":[{"start":{"line":468,"column":8},"end":{"line":468,"column":8}},{"start":{"line":468,"column":8},"end":{"line":468,"column":8}}]},"11":{"line":489,"type":"if","locations":[{"start":{"line":489,"column":8},"end":{"line":489,"column":8}},{"start":{"line":489,"column":8},"end":{"line":489,"column":8}}]},"12":{"line":490,"type":"if","locations":[{"start":{"line":490,"column":8},"end":{"line":490,"column":8}},{"start":{"line":490,"column":8},"end":{"line":490,"column":8}}]},"13":{"line":552,"type":"if","locations":[{"start":{"line":552,"column":8},"end":{"line":552,"column":8}},{"start":{"line":552,"column":8},"end":{"line":552,"column":8}}]},"14":{"line":560,"type":"if","locations":[{"start":{"line":560,"column":8},"end":{"line":560,"column":8}},{"start":{"line":560,"column":8},"end":{"line":560,"column":8}}]},"15":{"line":569,"type":"if","locations":[{"start":{"line":569,"column":8},"end":{"line":569,"column":8}},{"start":{"line":569,"column":8},"end":{"line":569,"column":8}}]},"16":{"line":650,"type":"if","locations":[{"start":{"line":650,"column":8},"end":{"line":650,"column":8}},{"start":{"line":650,"column":8},"end":{"line":650,"column":8}}]},"17":{"line":735,"type":"if","locations":[{"start":{"line":735,"column":8},"end":{"line":735,"column":8}},{"start":{"line":735,"column":8},"end":{"line":735,"column":8}}]},"18":{"line":738,"type":"if","locations":[{"start":{"line":738,"column":8},"end":{"line":738,"column":8}},{"start":{"line":738,"column":8},"end":{"line":738,"column":8}}]},"19":{"line":752,"type":"if","locations":[{"start":{"line":752,"column":8},"end":{"line":752,"column":8}},{"start":{"line":752,"column":8},"end":{"line":752,"column":8}}]},"20":{"line":753,"type":"if","locations":[{"start":{"line":753,"column":8},"end":{"line":753,"column":8}},{"start":{"line":753,"column":8},"end":{"line":753,"column":8}}]},"21":{"line":769,"type":"if","locations":[{"start":{"line":769,"column":8},"end":{"line":769,"column":8}},{"start":{"line":769,"column":8},"end":{"line":769,"column":8}}]},"22":{"line":991,"type":"if","locations":[{"start":{"line":991,"column":8},"end":{"line":991,"column":8}},{"start":{"line":991,"column":8},"end":{"line":991,"column":8}}]},"23":{"line":992,"type":"if","locations":[{"start":{"line":992,"column":8},"end":{"line":992,"column":8}},{"start":{"line":992,"column":8},"end":{"line":992,"column":8}}]},"24":{"line":993,"type":"if","locations":[{"start":{"line":993,"column":8},"end":{"line":993,"column":8}},{"start":{"line":993,"column":8},"end":{"line":993,"column":8}}]},"25":{"line":1023,"type":"if","locations":[{"start":{"line":1023,"column":8},"end":{"line":1023,"column":8}},{"start":{"line":1023,"column":8},"end":{"line":1023,"column":8}}]},"26":{"line":1026,"type":"if","locations":[{"start":{"line":1026,"column":8},"end":{"line":1026,"column":8}},{"start":{"line":1026,"column":8},"end":{"line":1026,"column":8}}]},"27":{"line":1031,"type":"if","locations":[{"start":{"line":1031,"column":8},"end":{"line":1031,"column":8}},{"start":{"line":1031,"column":8},"end":{"line":1031,"column":8}}]},"28":{"line":1036,"type":"if","locations":[{"start":{"line":1036,"column":8},"end":{"line":1036,"column":8}},{"start":{"line":1036,"column":8},"end":{"line":1036,"column":8}}]},"29":{"line":1045,"type":"if","locations":[{"start":{"line":1045,"column":12},"end":{"line":1045,"column":12}},{"start":{"line":1045,"column":12},"end":{"line":1045,"column":12}}]},"30":{"line":1047,"type":"if","locations":[{"start":{"line":1047,"column":19},"end":{"line":1047,"column":19}},{"start":{"line":1047,"column":19},"end":{"line":1047,"column":19}}]},"31":{"line":1069,"type":"if","locations":[{"start":{"line":1069,"column":8},"end":{"line":1069,"column":8}},{"start":{"line":1069,"column":8},"end":{"line":1069,"column":8}}]},"32":{"line":1070,"type":"if","locations":[{"start":{"line":1070,"column":12},"end":{"line":1070,"column":12}},{"start":{"line":1070,"column":12},"end":{"line":1070,"column":12}}]},"33":{"line":1078,"type":"if","locations":[{"start":{"line":1078,"column":12},"end":{"line":1078,"column":12}},{"start":{"line":1078,"column":12},"end":{"line":1078,"column":12}}]},"34":{"line":1098,"type":"if","locations":[{"start":{"line":1098,"column":8},"end":{"line":1098,"column":8}},{"start":{"line":1098,"column":8},"end":{"line":1098,"column":8}}]},"35":{"line":1109,"type":"if","locations":[{"start":{"line":1109,"column":8},"end":{"line":1109,"column":8}},{"start":{"line":1109,"column":8},"end":{"line":1109,"column":8}}]},"36":{"line":1134,"type":"if","locations":[{"start":{"line":1134,"column":8},"end":{"line":1134,"column":8}},{"start":{"line":1134,"column":8},"end":{"line":1134,"column":8}}]},"37":{"line":1173,"type":"if","locations":[{"start":{"line":1173,"column":8},"end":{"line":1173,"column":8}},{"start":{"line":1173,"column":8},"end":{"line":1173,"column":8}}]},"38":{"line":1178,"type":"if","locations":[{"start":{"line":1178,"column":8},"end":{"line":1178,"column":8}},{"start":{"line":1178,"column":8},"end":{"line":1178,"column":8}}]},"39":{"line":1183,"type":"if","locations":[{"start":{"line":1183,"column":8},"end":{"line":1183,"column":8}},{"start":{"line":1183,"column":8},"end":{"line":1183,"column":8}}]},"40":{"line":1184,"type":"if","locations":[{"start":{"line":1184,"column":12},"end":{"line":1184,"column":12}},{"start":{"line":1184,"column":12},"end":{"line":1184,"column":12}}]},"41":{"line":1190,"type":"if","locations":[{"start":{"line":1190,"column":8},"end":{"line":1190,"column":8}},{"start":{"line":1190,"column":8},"end":{"line":1190,"column":8}}]},"42":{"line":1191,"type":"if","locations":[{"start":{"line":1191,"column":12},"end":{"line":1191,"column":12}},{"start":{"line":1191,"column":12},"end":{"line":1191,"column":12}}]},"43":{"line":1205,"type":"if","locations":[{"start":{"line":1205,"column":8},"end":{"line":1205,"column":8}},{"start":{"line":1205,"column":8},"end":{"line":1205,"column":8}}]},"44":{"line":1206,"type":"if","locations":[{"start":{"line":1206,"column":12},"end":{"line":1206,"column":12}},{"start":{"line":1206,"column":12},"end":{"line":1206,"column":12}}]},"45":{"line":1212,"type":"if","locations":[{"start":{"line":1212,"column":8},"end":{"line":1212,"column":8}},{"start":{"line":1212,"column":8},"end":{"line":1212,"column":8}}]}}}}